{
"contracts/bonding-curves/CurveErrorCodes.sol":{"l":{},"path":"/Users/obinnaoparaocha/Documents/GitHub/solidity_by_wisdom/contracts/bonding-curves/CurveErrorCodes.sol","s":{},"b":{},"f":{},"fnMap":{},"statementMap":{},"branchMap":{}},
"contracts/bonding-curves/ExponentialCurve.sol":{"l":{"27":0,"39":0,"65":0,"66":0,"69":0,"75":0,"79":0,"80":0,"82":0,"90":0,"98":0,"107":0,"113":0,"116":0,"119":0,"122":0,"152":0,"153":0,"156":0,"160":0,"165":0,"168":0,"169":0,"175":0,"184":0,"190":0,"193":0,"196":0,"199":0},"path":"/Users/obinnaoparaocha/Documents/GitHub/solidity_by_wisdom/contracts/bonding-curves/ExponentialCurve.sol","s":{"1":0,"2":0,"3":0,"4":0,"5":0,"6":0,"7":0,"8":0,"9":0,"10":0,"11":0,"12":0,"13":0,"14":0,"15":0,"16":0,"17":0,"18":0,"19":0,"20":0,"21":0,"22":0,"23":0,"24":0,"25":0,"26":0,"27":0,"28":0,"29":0},"b":{"1":[0,0],"2":[0,0],"3":[0,0],"4":[0,0]},"f":{"1":0,"2":0,"3":0,"4":0},"fnMap":{"1":{"name":"validateDelta","line":21,"loc":{"start":{"line":21,"column":4},"end":{"line":28,"column":4}}},"2":{"name":"validateSpotPrice","line":33,"loc":{"start":{"line":33,"column":4},"end":{"line":40,"column":4}}},"3":{"name":"getBuyInfo","line":45,"loc":{"start":{"line":45,"column":4},"end":{"line":123,"column":4}}},"4":{"name":"getSellInfo","line":131,"loc":{"start":{"line":131,"column":4},"end":{"line":200,"column":4}}}},"statementMap":{"1":{"start":{"line":27,"column":8},"end":{"line":27,"column":44}},"2":{"start":{"line":39,"column":8},"end":{"line":39,"column":40}},"3":{"start":{"line":65,"column":8},"end":{"line":65,"column":1673}},"4":{"start":{"line":66,"column":12},"end":{"line":66,"column":55}},"5":{"start":{"line":69,"column":8},"end":{"line":69,"column":1771}},"6":{"start":{"line":75,"column":8},"end":{"line":75,"column":1984}},"7":{"start":{"line":79,"column":8},"end":{"line":79,"column":2108}},"8":{"start":{"line":80,"column":12},"end":{"line":80,"column":58}},"9":{"start":{"line":82,"column":8},"end":{"line":82,"column":44}},"10":{"start":{"line":90,"column":8},"end":{"line":90,"column":2912}},"11":{"start":{"line":98,"column":8},"end":{"line":98,"column":3293}},"12":{"start":{"line":107,"column":8},"end":{"line":107,"column":3610}},"13":{"start":{"line":113,"column":8},"end":{"line":113,"column":74}},"14":{"start":{"line":116,"column":8},"end":{"line":116,"column":32}},"15":{"start":{"line":119,"column":8},"end":{"line":119,"column":23}},"16":{"start":{"line":122,"column":8},"end":{"line":122,"column":23}},"17":{"start":{"line":152,"column":8},"end":{"line":152,"column":4963}},"18":{"start":{"line":153,"column":12},"end":{"line":153,"column":55}},"19":{"start":{"line":156,"column":8},"end":{"line":156,"column":5061}},"20":{"start":{"line":160,"column":8},"end":{"line":160,"column":77}},"21":{"start":{"line":165,"column":8},"end":{"line":165,"column":5498}},"22":{"start":{"line":168,"column":8},"end":{"line":168,"column":5614}},"23":{"start":{"line":169,"column":12},"end":{"line":169,"column":44}},"24":{"start":{"line":175,"column":8},"end":{"line":175,"column":5992}},"25":{"start":{"line":184,"column":8},"end":{"line":184,"column":6323}},"26":{"start":{"line":190,"column":8},"end":{"line":190,"column":76}},"27":{"start":{"line":193,"column":8},"end":{"line":193,"column":33}},"28":{"start":{"line":196,"column":8},"end":{"line":196,"column":23}},"29":{"start":{"line":199,"column":8},"end":{"line":199,"column":23}}},"branchMap":{"1":{"line":65,"type":"if","locations":[{"start":{"line":65,"column":8},"end":{"line":65,"column":8}},{"start":{"line":65,"column":8},"end":{"line":65,"column":8}}]},"2":{"line":79,"type":"if","locations":[{"start":{"line":79,"column":8},"end":{"line":79,"column":8}},{"start":{"line":79,"column":8},"end":{"line":79,"column":8}}]},"3":{"line":152,"type":"if","locations":[{"start":{"line":152,"column":8},"end":{"line":152,"column":8}},{"start":{"line":152,"column":8},"end":{"line":152,"column":8}}]},"4":{"line":168,"type":"if","locations":[{"start":{"line":168,"column":8},"end":{"line":168,"column":8}},{"start":{"line":168,"column":8},"end":{"line":168,"column":8}}]}}},
"contracts/bonding-curves/ICurve.sol":{"l":{},"path":"/Users/obinnaoparaocha/Documents/GitHub/solidity_by_wisdom/contracts/bonding-curves/ICurve.sol","s":{},"b":{},"f":{},"fnMap":{},"statementMap":{},"branchMap":{}},
"contracts/bonding-curves/LinearCurve.sol":{"l":{"22":0,"32":0,"57":0,"58":0,"62":0,"63":0,"64":0,"66":0,"74":0,"80":0,"87":0,"93":0,"96":0,"99":0,"102":0,"127":0,"128":0,"132":0,"135":0,"137":0,"140":0,"141":0,"147":0,"153":0,"160":0,"166":0,"169":0,"172":0,"175":0},"path":"/Users/obinnaoparaocha/Documents/GitHub/solidity_by_wisdom/contracts/bonding-curves/LinearCurve.sol","s":{"1":0,"2":0,"3":0,"4":0,"5":0,"6":0,"7":0,"8":0,"9":0,"10":0,"11":0,"12":0,"13":0,"14":0,"15":0,"16":0,"17":0,"18":0,"19":0,"20":0,"21":0,"22":0,"23":0,"24":0,"25":0,"26":0,"27":0,"28":0,"29":0},"b":{"1":[0,0],"2":[0,0],"3":[0,0],"4":[0,0]},"f":{"1":0,"2":0,"3":0,"4":0},"fnMap":{"1":{"name":"validateDelta","line":18,"loc":{"start":{"line":18,"column":4},"end":{"line":23,"column":4}}},"2":{"name":"validateSpotPrice","line":28,"loc":{"start":{"line":28,"column":4},"end":{"line":33,"column":4}}},"3":{"name":"getBuyInfo","line":38,"loc":{"start":{"line":38,"column":4},"end":{"line":103,"column":4}}},"4":{"name":"getSellInfo","line":108,"loc":{"start":{"line":108,"column":4},"end":{"line":176,"column":4}}}},"statementMap":{"1":{"start":{"line":22,"column":8},"end":{"line":22,"column":19}},"2":{"start":{"line":32,"column":8},"end":{"line":32,"column":19}},"3":{"start":{"line":57,"column":8},"end":{"line":57,"column":1545}},"4":{"start":{"line":58,"column":12},"end":{"line":58,"column":55}},"5":{"start":{"line":62,"column":8},"end":{"line":62,"column":60}},"6":{"start":{"line":63,"column":8},"end":{"line":63,"column":1790}},"7":{"start":{"line":64,"column":12},"end":{"line":64,"column":58}},"8":{"start":{"line":66,"column":8},"end":{"line":66,"column":44}},"9":{"start":{"line":74,"column":8},"end":{"line":74,"column":48}},"10":{"start":{"line":80,"column":8},"end":{"line":80,"column":2998}},"11":{"start":{"line":87,"column":8},"end":{"line":87,"column":3208}},"12":{"start":{"line":93,"column":8},"end":{"line":93,"column":74}},"13":{"start":{"line":96,"column":8},"end":{"line":96,"column":32}},"14":{"start":{"line":99,"column":8},"end":{"line":99,"column":23}},"15":{"start":{"line":102,"column":8},"end":{"line":102,"column":23}},"16":{"start":{"line":127,"column":8},"end":{"line":127,"column":4245}},"17":{"start":{"line":128,"column":12},"end":{"line":128,"column":55}},"18":{"start":{"line":132,"column":8},"end":{"line":132,"column":53}},"19":{"start":{"line":135,"column":8},"end":{"line":135,"column":4591}},"20":{"start":{"line":137,"column":12},"end":{"line":137,"column":27}},"21":{"start":{"line":140,"column":12},"end":{"line":140,"column":65}},"22":{"start":{"line":141,"column":12},"end":{"line":141,"column":43}},"23":{"start":{"line":147,"column":12},"end":{"line":147,"column":65}},"24":{"start":{"line":153,"column":8},"end":{"line":153,"column":5680}},"25":{"start":{"line":160,"column":8},"end":{"line":160,"column":5889}},"26":{"start":{"line":166,"column":8},"end":{"line":166,"column":76}},"27":{"start":{"line":169,"column":8},"end":{"line":169,"column":33}},"28":{"start":{"line":172,"column":8},"end":{"line":172,"column":23}},"29":{"start":{"line":175,"column":8},"end":{"line":175,"column":23}}},"branchMap":{"1":{"line":57,"type":"if","locations":[{"start":{"line":57,"column":8},"end":{"line":57,"column":8}},{"start":{"line":57,"column":8},"end":{"line":57,"column":8}}]},"2":{"line":63,"type":"if","locations":[{"start":{"line":63,"column":8},"end":{"line":63,"column":8}},{"start":{"line":63,"column":8},"end":{"line":63,"column":8}}]},"3":{"line":127,"type":"if","locations":[{"start":{"line":127,"column":8},"end":{"line":127,"column":8}},{"start":{"line":127,"column":8},"end":{"line":127,"column":8}}]},"4":{"line":135,"type":"if","locations":[{"start":{"line":135,"column":8},"end":{"line":135,"column":8}},{"start":{"line":135,"column":8},"end":{"line":135,"column":8}}]}}},
"contracts/ILSSVMPairFactoryLike.sol":{"l":{},"path":"/Users/obinnaoparaocha/Documents/GitHub/solidity_by_wisdom/contracts/ILSSVMPairFactoryLike.sol","s":{},"b":{},"f":{},"fnMap":{},"statementMap":{},"branchMap":{}},
"contracts/lib/IOwnershipTransferCallback.sol":{"l":{},"path":"/Users/obinnaoparaocha/Documents/GitHub/solidity_by_wisdom/contracts/lib/IOwnershipTransferCallback.sol","s":{},"b":{},"f":{},"fnMap":{},"statementMap":{},"branchMap":{}},
"contracts/lib/LSSVMPairCloner.sol":{"l":{"28":0,"119":0,"209":0,"248":0},"path":"/Users/obinnaoparaocha/Documents/GitHub/solidity_by_wisdom/contracts/lib/LSSVMPairCloner.sol","s":{},"b":{},"f":{"1":0,"2":0,"3":0,"4":0},"fnMap":{"1":{"name":"cloneETHPair","line":21,"loc":{"start":{"line":21,"column":4},"end":{"line":101,"column":4}}},"2":{"name":"cloneERC20Pair","line":111,"loc":{"start":{"line":111,"column":4},"end":{"line":193,"column":4}}},"3":{"name":"isETHPairClone","line":203,"loc":{"start":{"line":203,"column":4},"end":{"line":233,"column":4}}},"4":{"name":"isERC20PairClone","line":242,"loc":{"start":{"line":242,"column":4},"end":{"line":272,"column":4}}}},"statementMap":{},"branchMap":{}},
"contracts/lib/OwnableWithTransferCallback.sol":{"l":{"25":0,"30":0,"35":0,"36":0,"44":0,"45":0,"49":0,"50":0,"59":0,"60":0},"path":"/Users/obinnaoparaocha/Documents/GitHub/solidity_by_wisdom/contracts/lib/OwnableWithTransferCallback.sol","s":{"1":0,"2":0,"3":0,"4":0,"5":0,"6":0,"7":0,"8":0,"9":0},"b":{"1":[0,0],"2":[0,0],"3":[0,0]},"f":{"1":0,"2":0,"3":0,"4":0,"5":0},"fnMap":{"1":{"name":"__Ownable_init","line":24,"loc":{"start":{"line":24,"column":4},"end":{"line":26,"column":4}}},"2":{"name":"owner","line":29,"loc":{"start":{"line":29,"column":4},"end":{"line":31,"column":4}}},"3":{"name":"onlyOwner","line":34,"loc":{"start":{"line":34,"column":4},"end":{"line":37,"column":4}}},"4":{"name":"transferOwnership","line":43,"loc":{"start":{"line":43,"column":4},"end":{"line":54,"column":4}}},"5":{"name":"_transferOwnership","line":58,"loc":{"start":{"line":58,"column":4},"end":{"line":61,"column":4}}}},"statementMap":{"1":{"start":{"line":25,"column":8},"end":{"line":25,"column":28}},"2":{"start":{"line":30,"column":8},"end":{"line":30,"column":21}},"3":{"start":{"line":35,"column":8},"end":{"line":35,"column":60}},"4":{"start":{"line":44,"column":8},"end":{"line":44,"column":72}},"5":{"start":{"line":45,"column":8},"end":{"line":45,"column":35}},"6":{"start":{"line":49,"column":8},"end":{"line":49,"column":1866}},"7":{"start":{"line":50,"column":12},"end":{"line":50,"column":1936}},"8":{"start":{"line":59,"column":8},"end":{"line":59,"column":24}},"9":{"start":{"line":60,"column":8},"end":{"line":60,"column":43}}},"branchMap":{"1":{"line":35,"type":"if","locations":[{"start":{"line":35,"column":8},"end":{"line":35,"column":8}},{"start":{"line":35,"column":8},"end":{"line":35,"column":8}}]},"2":{"line":44,"type":"if","locations":[{"start":{"line":44,"column":8},"end":{"line":44,"column":8}},{"start":{"line":44,"column":8},"end":{"line":44,"column":8}}]},"3":{"line":49,"type":"if","locations":[{"start":{"line":49,"column":8},"end":{"line":49,"column":8}},{"start":{"line":49,"column":8},"end":{"line":49,"column":8}}]}}},
"contracts/lib/ReentrancyGuard.sol":{"l":{"41":0,"53":0,"56":0,"58":0,"62":0},"path":"/Users/obinnaoparaocha/Documents/GitHub/solidity_by_wisdom/contracts/lib/ReentrancyGuard.sol","s":{"1":0,"2":0,"3":0,"4":0},"b":{"1":[0,0]},"f":{"1":0,"2":0},"fnMap":{"1":{"name":"__ReentrancyGuard_init","line":40,"loc":{"start":{"line":40,"column":4},"end":{"line":42,"column":4}}},"2":{"name":"nonReentrant","line":51,"loc":{"start":{"line":51,"column":4},"end":{"line":63,"column":4}}}},"statementMap":{"1":{"start":{"line":41,"column":6},"end":{"line":41,"column":27}},"2":{"start":{"line":53,"column":8},"end":{"line":53,"column":70}},"3":{"start":{"line":56,"column":8},"end":{"line":56,"column":25}},"4":{"start":{"line":62,"column":8},"end":{"line":62,"column":29}}},"branchMap":{"1":{"line":53,"type":"if","locations":[{"start":{"line":53,"column":8},"end":{"line":53,"column":8}},{"start":{"line":53,"column":8},"end":{"line":53,"column":8}}]}}},
"contracts/LSSVMPair.sol":{"l":{"84":0,"85":0,"86":0,"88":0,"89":0,"91":0,"92":0,"93":0,"95":0,"96":0,"100":0,"102":0,"103":0,"107":0,"108":0,"137":0,"138":0,"139":0,"142":0,"143":0,"144":0,"148":0,"155":0,"156":0,"163":0,"171":0,"173":0,"175":0,"201":0,"202":0,"205":0,"206":0,"207":0,"211":0,"215":0,"216":0,"223":0,"231":0,"233":0,"235":0,"259":0,"260":0,"263":0,"264":0,"265":0,"269":0,"273":0,"274":0,"281":0,"283":0,"285":0,"287":0,"309":0,"339":0,"369":0,"370":0,"382":0,"383":0,"395":0,"396":0,"408":0,"409":0,"428":0,"429":0,"434":0,"435":0,"437":0,"460":0,"462":0,"463":0,"464":0,"465":0,"466":0,"481":0,"482":0,"486":0,"489":0,"490":0,"491":0,"495":0,"496":0,"500":0,"501":0,"520":0,"522":0,"523":0,"524":0,"525":0,"526":0,"541":0,"542":0,"546":0,"552":0,"553":0,"554":0,"558":0,"559":0,"563":0,"564":0,"654":0,"655":0,"656":0,"658":0,"660":0,"661":0,"662":0,"666":0,"667":0,"668":0,"669":0,"677":0,"678":0,"681":0,"687":0,"694":0,"701":0,"702":0,"708":0,"709":0,"753":0,"761":0,"762":0,"766":0,"767":0,"768":0,"777":0,"778":0,"782":0,"783":0,"784":0,"795":0,"796":0,"797":0,"798":0,"799":0,"800":0,"813":0,"814":0,"815":0,"816":0,"817":0,"831":0,"832":0,"833":0,"834":0,"847":0,"848":0,"851":0,"852":0,"855":0,"856":0,"861":0,"877":0,"879":0,"883":0},"path":"/Users/obinnaoparaocha/Documents/GitHub/solidity_by_wisdom/contracts/LSSVMPair.sol","s":{"1":0,"2":0,"3":0,"4":0,"5":0,"6":0,"7":0,"8":0,"9":0,"10":0,"11":0,"12":0,"13":0,"14":0,"15":0,"16":0,"17":0,"18":0,"19":0,"20":0,"21":0,"22":0,"23":0,"24":0,"25":0,"26":0,"27":0,"28":0,"29":0,"30":0,"31":0,"32":0,"33":0,"34":0,"35":0,"36":0,"37":0,"38":0,"39":0,"40":0,"41":0,"42":0,"43":0,"44":0,"45":0,"46":0,"47":0,"48":0,"49":0,"50":0,"51":0,"52":0,"53":0,"54":0,"55":0,"56":0,"57":0,"58":0,"59":0,"60":0,"61":0,"62":0,"63":0,"64":0,"65":0,"66":0,"67":0,"68":0,"69":0,"70":0,"71":0,"72":0,"73":0,"74":0,"75":0,"76":0,"77":0,"78":0,"79":0,"80":0,"81":0,"82":0,"83":0,"84":0,"85":0,"86":0,"87":0,"88":0,"89":0,"90":0,"91":0,"92":0,"93":0,"94":0,"95":0,"96":0,"97":0,"98":0,"99":0,"100":0,"101":0,"102":0,"103":0,"104":0,"105":0,"106":0,"107":0,"108":0,"109":0,"110":0,"111":0,"112":0,"113":0,"114":0,"115":0,"116":0,"117":0,"118":0,"119":0,"120":0,"121":0,"122":0,"123":0,"124":0,"125":0,"126":0,"127":0,"128":0,"129":0,"130":0,"131":0,"132":0,"133":0,"134":0,"135":0,"136":0,"137":0,"138":0,"139":0,"140":0},"b":{"1":[0,0],"2":[0,0],"3":[0,0],"4":[0,0],"5":[0,0],"6":[0,0],"7":[0,0],"8":[0,0],"9":[0,0],"10":[0,0],"11":[0,0],"12":[0,0],"13":[0,0],"14":[0,0],"15":[0,0],"16":[0,0],"17":[0,0],"18":[0,0],"19":[0,0],"20":[0,0],"21":[0,0],"22":[0,0],"23":[0,0],"24":[0,0],"25":[0,0],"26":[0,0],"27":[0,0],"28":[0,0],"29":[0,0],"30":[0,0],"31":[0,0],"32":[0,0],"33":[0,0],"34":[0,0],"35":[0,0],"36":[0,0],"37":[0,0],"38":[0,0],"39":[0,0],"40":[0,0],"41":[0,0],"42":[0,0],"43":[0,0],"44":[0,0],"45":[0,0]},"f":{"1":0,"2":0,"3":0,"4":0,"5":0,"6":0,"7":0,"8":0,"9":0,"10":0,"11":0,"12":0,"13":0,"14":0,"15":0,"16":0,"17":0,"18":0,"19":0,"20":0,"21":0,"22":0},"fnMap":{"1":{"name":"initialize","line":77,"loc":{"start":{"line":77,"column":4},"end":{"line":109,"column":4}}},"2":{"name":"swapTokenForAnyNFTs","line":135,"loc":{"start":{"line":129,"column":4},"end":{"line":176,"column":4}}},"3":{"name":"swapTokenForSpecificNFTs","line":199,"loc":{"start":{"line":193,"column":4},"end":{"line":236,"column":4}}},"4":{"name":"swapNFTsForToken","line":257,"loc":{"start":{"line":251,"column":4},"end":{"line":288,"column":4}}},"5":{"name":"getBuyNFTQuote","line":298,"loc":{"start":{"line":298,"column":4},"end":{"line":322,"column":4}}},"6":{"name":"getSellNFTQuote","line":328,"loc":{"start":{"line":328,"column":4},"end":{"line":352,"column":4}}},"7":{"name":"factory","line":368,"loc":{"start":{"line":368,"column":4},"end":{"line":376,"column":4}}},"8":{"name":"bondingCurve","line":381,"loc":{"start":{"line":381,"column":4},"end":{"line":389,"column":4}}},"9":{"name":"nft","line":394,"loc":{"start":{"line":394,"column":4},"end":{"line":402,"column":4}}},"10":{"name":"poolType","line":407,"loc":{"start":{"line":407,"column":4},"end":{"line":415,"column":4}}},"11":{"name":"getAssetRecipient","line":421,"loc":{"start":{"line":421,"column":4},"end":{"line":439,"column":4}}},"12":{"name":"_calculateBuyInfoAndUpdatePoolParams","line":454,"loc":{"start":{"line":454,"column":4},"end":{"line":503,"column":4}}},"13":{"name":"_calculateSellInfoAndUpdatePoolParams","line":514,"loc":{"start":{"line":514,"column":4},"end":{"line":566,"column":4}}},"14":{"name":"_takeNFTsFromSender","line":647,"loc":{"start":{"line":647,"column":4},"end":{"line":714,"column":4}}},"15":{"name":"withdrawERC1155","line":752,"loc":{"start":{"line":748,"column":4},"end":{"line":754,"column":4}}},"16":{"name":"changeSpotPrice","line":760,"loc":{"start":{"line":760,"column":4},"end":{"line":770,"column":4}}},"17":{"name":"changeDelta","line":776,"loc":{"start":{"line":776,"column":4},"end":{"line":786,"column":4}}},"18":{"name":"changeFee","line":794,"loc":{"start":{"line":794,"column":4},"end":{"line":802,"column":4}}},"19":{"name":"changeAssetRecipient","line":811,"loc":{"start":{"line":809,"column":4},"end":{"line":819,"column":4}}},"20":{"name":"call","line":829,"loc":{"start":{"line":827,"column":4},"end":{"line":835,"column":4}}},"21":{"name":"multicall","line":845,"loc":{"start":{"line":843,"column":4},"end":{"line":865,"column":4}}},"22":{"name":"_getRevertMsg","line":871,"loc":{"start":{"line":871,"column":4},"end":{"line":884,"column":4}}}},"statementMap":{"1":{"start":{"line":84,"column":8},"end":{"line":84,"column":52}},"2":{"start":{"line":85,"column":8},"end":{"line":85,"column":29}},"3":{"start":{"line":86,"column":8},"end":{"line":86,"column":31}},"4":{"start":{"line":88,"column":8},"end":{"line":88,"column":45}},"5":{"start":{"line":89,"column":8},"end":{"line":89,"column":39}},"6":{"start":{"line":91,"column":8},"end":{"line":91,"column":3704}},"7":{"start":{"line":92,"column":12},"end":{"line":92,"column":70}},"8":{"start":{"line":93,"column":12},"end":{"line":93,"column":43}},"9":{"start":{"line":94,"column":15},"end":{"line":94,"column":3906}},"10":{"start":{"line":95,"column":12},"end":{"line":95,"column":69}},"11":{"start":{"line":96,"column":12},"end":{"line":96,"column":4029}},"12":{"start":{"line":100,"column":12},"end":{"line":100,"column":21}},"13":{"start":{"line":102,"column":8},"end":{"line":102,"column":78}},"14":{"start":{"line":103,"column":8},"end":{"line":103,"column":4275}},"15":{"start":{"line":107,"column":8},"end":{"line":107,"column":21}},"16":{"start":{"line":108,"column":8},"end":{"line":108,"column":29}},"17":{"start":{"line":137,"column":8},"end":{"line":137,"column":50}},"18":{"start":{"line":138,"column":8},"end":{"line":138,"column":45}},"19":{"start":{"line":139,"column":8},"end":{"line":139,"column":28}},"20":{"start":{"line":143,"column":12},"end":{"line":143,"column":43}},"21":{"start":{"line":144,"column":12},"end":{"line":144,"column":5879}},"22":{"start":{"line":148,"column":12},"end":{"line":148,"column":6023}},"23":{"start":{"line":155,"column":8},"end":{"line":155,"column":27}},"24":{"start":{"line":156,"column":8},"end":{"line":156,"column":6274}},"25":{"start":{"line":163,"column":8},"end":{"line":163,"column":6465}},"26":{"start":{"line":171,"column":8},"end":{"line":171,"column":59}},"27":{"start":{"line":173,"column":8},"end":{"line":173,"column":40}},"28":{"start":{"line":175,"column":8},"end":{"line":175,"column":29}},"29":{"start":{"line":201,"column":8},"end":{"line":201,"column":50}},"30":{"start":{"line":202,"column":8},"end":{"line":202,"column":45}},"31":{"start":{"line":206,"column":12},"end":{"line":206,"column":43}},"32":{"start":{"line":207,"column":12},"end":{"line":207,"column":8238}},"33":{"start":{"line":211,"column":12},"end":{"line":211,"column":64}},"34":{"start":{"line":215,"column":8},"end":{"line":215,"column":27}},"35":{"start":{"line":216,"column":8},"end":{"line":216,"column":8535}},"36":{"start":{"line":223,"column":8},"end":{"line":223,"column":8732}},"37":{"start":{"line":231,"column":8},"end":{"line":231,"column":64}},"38":{"start":{"line":233,"column":8},"end":{"line":233,"column":40}},"39":{"start":{"line":235,"column":8},"end":{"line":235,"column":29}},"40":{"start":{"line":259,"column":8},"end":{"line":259,"column":50}},"41":{"start":{"line":260,"column":8},"end":{"line":260,"column":45}},"42":{"start":{"line":264,"column":12},"end":{"line":264,"column":43}},"43":{"start":{"line":265,"column":12},"end":{"line":265,"column":10358}},"44":{"start":{"line":269,"column":12},"end":{"line":269,"column":62}},"45":{"start":{"line":273,"column":8},"end":{"line":273,"column":27}},"46":{"start":{"line":274,"column":8},"end":{"line":274,"column":10655}},"47":{"start":{"line":281,"column":8},"end":{"line":281,"column":53}},"48":{"start":{"line":283,"column":8},"end":{"line":283,"column":53}},"49":{"start":{"line":285,"column":8},"end":{"line":285,"column":75}},"50":{"start":{"line":287,"column":8},"end":{"line":287,"column":28}},"51":{"start":{"line":309,"column":8},"end":{"line":309,"column":11565}},"52":{"start":{"line":339,"column":8},"end":{"line":339,"column":12317}},"53":{"start":{"line":369,"column":8},"end":{"line":369,"column":55}},"54":{"start":{"line":382,"column":8},"end":{"line":382,"column":55}},"55":{"start":{"line":395,"column":8},"end":{"line":395,"column":55}},"56":{"start":{"line":408,"column":8},"end":{"line":408,"column":55}},"57":{"start":{"line":428,"column":8},"end":{"line":428,"column":14945}},"58":{"start":{"line":429,"column":12},"end":{"line":429,"column":41}},"59":{"start":{"line":434,"column":8},"end":{"line":434,"column":39}},"60":{"start":{"line":435,"column":8},"end":{"line":435,"column":15202}},"61":{"start":{"line":437,"column":12},"end":{"line":437,"column":51}},"62":{"start":{"line":460,"column":8},"end":{"line":460,"column":35}},"63":{"start":{"line":462,"column":8},"end":{"line":462,"column":44}},"64":{"start":{"line":463,"column":8},"end":{"line":463,"column":28}},"65":{"start":{"line":464,"column":8},"end":{"line":464,"column":36}},"66":{"start":{"line":465,"column":8},"end":{"line":465,"column":24}},"67":{"start":{"line":466,"column":8},"end":{"line":466,"column":16500}},"68":{"start":{"line":481,"column":8},"end":{"line":481,"column":16863}},"69":{"start":{"line":486,"column":8},"end":{"line":486,"column":74}},"70":{"start":{"line":489,"column":8},"end":{"line":489,"column":17137}},"71":{"start":{"line":490,"column":12},"end":{"line":490,"column":35}},"72":{"start":{"line":491,"column":12},"end":{"line":491,"column":27}},"73":{"start":{"line":495,"column":8},"end":{"line":495,"column":17349}},"74":{"start":{"line":496,"column":12},"end":{"line":496,"column":46}},"75":{"start":{"line":500,"column":8},"end":{"line":500,"column":17508}},"76":{"start":{"line":501,"column":12},"end":{"line":501,"column":38}},"77":{"start":{"line":520,"column":8},"end":{"line":520,"column":35}},"78":{"start":{"line":522,"column":8},"end":{"line":522,"column":44}},"79":{"start":{"line":523,"column":8},"end":{"line":523,"column":28}},"80":{"start":{"line":524,"column":8},"end":{"line":524,"column":36}},"81":{"start":{"line":525,"column":8},"end":{"line":525,"column":24}},"82":{"start":{"line":526,"column":8},"end":{"line":526,"column":18692}},"83":{"start":{"line":541,"column":8},"end":{"line":541,"column":19057}},"84":{"start":{"line":546,"column":8},"end":{"line":546,"column":19204}},"85":{"start":{"line":552,"column":8},"end":{"line":552,"column":19363}},"86":{"start":{"line":553,"column":12},"end":{"line":553,"column":35}},"87":{"start":{"line":554,"column":12},"end":{"line":554,"column":27}},"88":{"start":{"line":558,"column":8},"end":{"line":558,"column":19575}},"89":{"start":{"line":559,"column":12},"end":{"line":559,"column":46}},"90":{"start":{"line":563,"column":8},"end":{"line":563,"column":19734}},"91":{"start":{"line":564,"column":12},"end":{"line":564,"column":38}},"92":{"start":{"line":655,"column":12},"end":{"line":655,"column":57}},"93":{"start":{"line":656,"column":12},"end":{"line":656,"column":43}},"94":{"start":{"line":658,"column":12},"end":{"line":658,"column":23454}},"95":{"start":{"line":660,"column":16},"end":{"line":660,"column":69}},"96":{"start":{"line":661,"column":16},"end":{"line":661,"column":70}},"97":{"start":{"line":662,"column":16},"end":{"line":662,"column":51}},"98":{"start":{"line":666,"column":16},"end":{"line":666,"column":23958}},"99":{"start":{"line":667,"column":20},"end":{"line":667,"column":75}},"100":{"start":{"line":668,"column":20},"end":{"line":668,"column":24078}},"101":{"start":{"line":669,"column":24},"end":{"line":669,"column":24143}},"102":{"start":{"line":681,"column":20},"end":{"line":681,"column":24534}},"103":{"start":{"line":687,"column":20},"end":{"line":687,"column":24772}},"104":{"start":{"line":694,"column":20},"end":{"line":694,"column":25025}},"105":{"start":{"line":701,"column":16},"end":{"line":701,"column":25272}},"106":{"start":{"line":702,"column":20},"end":{"line":702,"column":25329}},"107":{"start":{"line":753,"column":8},"end":{"line":753,"column":75}},"108":{"start":{"line":761,"column":8},"end":{"line":761,"column":45}},"109":{"start":{"line":762,"column":8},"end":{"line":762,"column":27450}},"110":{"start":{"line":766,"column":8},"end":{"line":766,"column":27584}},"111":{"start":{"line":767,"column":12},"end":{"line":767,"column":35}},"112":{"start":{"line":768,"column":12},"end":{"line":768,"column":46}},"113":{"start":{"line":777,"column":8},"end":{"line":777,"column":45}},"114":{"start":{"line":778,"column":8},"end":{"line":778,"column":27976}},"115":{"start":{"line":782,"column":8},"end":{"line":782,"column":28093}},"116":{"start":{"line":783,"column":12},"end":{"line":783,"column":27}},"117":{"start":{"line":784,"column":12},"end":{"line":784,"column":38}},"118":{"start":{"line":795,"column":8},"end":{"line":795,"column":39}},"119":{"start":{"line":796,"column":8},"end":{"line":796,"column":67}},"120":{"start":{"line":797,"column":8},"end":{"line":797,"column":67}},"121":{"start":{"line":798,"column":8},"end":{"line":798,"column":28700}},"122":{"start":{"line":799,"column":12},"end":{"line":799,"column":23}},"123":{"start":{"line":800,"column":12},"end":{"line":800,"column":34}},"124":{"start":{"line":813,"column":8},"end":{"line":813,"column":39}},"125":{"start":{"line":814,"column":8},"end":{"line":814,"column":66}},"126":{"start":{"line":815,"column":8},"end":{"line":815,"column":29210}},"127":{"start":{"line":816,"column":12},"end":{"line":816,"column":40}},"128":{"start":{"line":817,"column":12},"end":{"line":817,"column":51}},"129":{"start":{"line":831,"column":8},"end":{"line":831,"column":50}},"130":{"start":{"line":832,"column":8},"end":{"line":832,"column":74}},"131":{"start":{"line":833,"column":8},"end":{"line":833,"column":53}},"132":{"start":{"line":834,"column":8},"end":{"line":834,"column":37}},"133":{"start":{"line":847,"column":8},"end":{"line":847,"column":30506}},"134":{"start":{"line":848,"column":12},"end":{"line":848,"column":30561}},"135":{"start":{"line":851,"column":12},"end":{"line":851,"column":30678}},"136":{"start":{"line":852,"column":16},"end":{"line":852,"column":44}},"137":{"start":{"line":861,"column":8},"end":{"line":861,"column":30928}},"138":{"start":{"line":877,"column":8},"end":{"line":877,"column":75}},"139":{"start":{"line":877,"column":37},"end":{"line":877,"column":75}},"140":{"start":{"line":883,"column":8},"end":{"line":883,"column":48}}},"branchMap":{"1":{"line":84,"type":"if","locations":[{"start":{"line":84,"column":8},"end":{"line":84,"column":8}},{"start":{"line":84,"column":8},"end":{"line":84,"column":8}}]},"2":{"line":91,"type":"if","locations":[{"start":{"line":91,"column":8},"end":{"line":91,"column":8}},{"start":{"line":91,"column":8},"end":{"line":91,"column":8}}]},"3":{"line":92,"type":"if","locations":[{"start":{"line":92,"column":12},"end":{"line":92,"column":12}},{"start":{"line":92,"column":12},"end":{"line":92,"column":12}}]},"4":{"line":94,"type":"if","locations":[{"start":{"line":94,"column":15},"end":{"line":94,"column":15}},{"start":{"line":94,"column":15},"end":{"line":94,"column":15}}]},"5":{"line":95,"type":"if","locations":[{"start":{"line":95,"column":12},"end":{"line":95,"column":12}},{"start":{"line":95,"column":12},"end":{"line":95,"column":12}}]},"6":{"line":96,"type":"if","locations":[{"start":{"line":96,"column":12},"end":{"line":96,"column":12}},{"start":{"line":96,"column":12},"end":{"line":96,"column":12}}]},"7":{"line":102,"type":"if","locations":[{"start":{"line":102,"column":8},"end":{"line":102,"column":8}},{"start":{"line":102,"column":8},"end":{"line":102,"column":8}}]},"8":{"line":103,"type":"if","locations":[{"start":{"line":103,"column":8},"end":{"line":103,"column":8}},{"start":{"line":103,"column":8},"end":{"line":103,"column":8}}]},"9":{"line":144,"type":"if","locations":[{"start":{"line":144,"column":12},"end":{"line":144,"column":12}},{"start":{"line":144,"column":12},"end":{"line":144,"column":12}}]},"10":{"line":148,"type":"if","locations":[{"start":{"line":148,"column":12},"end":{"line":148,"column":12}},{"start":{"line":148,"column":12},"end":{"line":148,"column":12}}]},"11":{"line":207,"type":"if","locations":[{"start":{"line":207,"column":12},"end":{"line":207,"column":12}},{"start":{"line":207,"column":12},"end":{"line":207,"column":12}}]},"12":{"line":211,"type":"if","locations":[{"start":{"line":211,"column":12},"end":{"line":211,"column":12}},{"start":{"line":211,"column":12},"end":{"line":211,"column":12}}]},"13":{"line":265,"type":"if","locations":[{"start":{"line":265,"column":12},"end":{"line":265,"column":12}},{"start":{"line":265,"column":12},"end":{"line":265,"column":12}}]},"14":{"line":269,"type":"if","locations":[{"start":{"line":269,"column":12},"end":{"line":269,"column":12}},{"start":{"line":269,"column":12},"end":{"line":269,"column":12}}]},"15":{"line":428,"type":"if","locations":[{"start":{"line":428,"column":8},"end":{"line":428,"column":8}},{"start":{"line":428,"column":8},"end":{"line":428,"column":8}}]},"16":{"line":435,"type":"if","locations":[{"start":{"line":435,"column":8},"end":{"line":435,"column":8}},{"start":{"line":435,"column":8},"end":{"line":435,"column":8}}]},"17":{"line":481,"type":"if","locations":[{"start":{"line":481,"column":8},"end":{"line":481,"column":8}},{"start":{"line":481,"column":8},"end":{"line":481,"column":8}}]},"18":{"line":486,"type":"if","locations":[{"start":{"line":486,"column":8},"end":{"line":486,"column":8}},{"start":{"line":486,"column":8},"end":{"line":486,"column":8}}]},"19":{"line":489,"type":"if","locations":[{"start":{"line":489,"column":8},"end":{"line":489,"column":8}},{"start":{"line":489,"column":8},"end":{"line":489,"column":8}}]},"20":{"line":495,"type":"if","locations":[{"start":{"line":495,"column":8},"end":{"line":495,"column":8}},{"start":{"line":495,"column":8},"end":{"line":495,"column":8}}]},"21":{"line":500,"type":"if","locations":[{"start":{"line":500,"column":8},"end":{"line":500,"column":8}},{"start":{"line":500,"column":8},"end":{"line":500,"column":8}}]},"22":{"line":541,"type":"if","locations":[{"start":{"line":541,"column":8},"end":{"line":541,"column":8}},{"start":{"line":541,"column":8},"end":{"line":541,"column":8}}]},"23":{"line":546,"type":"if","locations":[{"start":{"line":546,"column":8},"end":{"line":546,"column":8}},{"start":{"line":546,"column":8},"end":{"line":546,"column":8}}]},"24":{"line":552,"type":"if","locations":[{"start":{"line":552,"column":8},"end":{"line":552,"column":8}},{"start":{"line":552,"column":8},"end":{"line":552,"column":8}}]},"25":{"line":558,"type":"if","locations":[{"start":{"line":558,"column":8},"end":{"line":558,"column":8}},{"start":{"line":558,"column":8},"end":{"line":558,"column":8}}]},"26":{"line":563,"type":"if","locations":[{"start":{"line":563,"column":8},"end":{"line":563,"column":8}},{"start":{"line":563,"column":8},"end":{"line":563,"column":8}}]},"27":{"line":658,"type":"if","locations":[{"start":{"line":658,"column":12},"end":{"line":658,"column":12}},{"start":{"line":658,"column":12},"end":{"line":658,"column":12}}]},"28":{"line":662,"type":"if","locations":[{"start":{"line":662,"column":16},"end":{"line":662,"column":16}},{"start":{"line":662,"column":16},"end":{"line":662,"column":16}}]},"29":{"line":666,"type":"if","locations":[{"start":{"line":666,"column":16},"end":{"line":666,"column":16}},{"start":{"line":666,"column":16},"end":{"line":666,"column":16}}]},"30":{"line":681,"type":"if","locations":[{"start":{"line":681,"column":20},"end":{"line":681,"column":20}},{"start":{"line":681,"column":20},"end":{"line":681,"column":20}}]},"31":{"line":694,"type":"if","locations":[{"start":{"line":694,"column":20},"end":{"line":694,"column":20}},{"start":{"line":694,"column":20},"end":{"line":694,"column":20}}]},"32":{"line":762,"type":"if","locations":[{"start":{"line":762,"column":8},"end":{"line":762,"column":8}},{"start":{"line":762,"column":8},"end":{"line":762,"column":8}}]},"33":{"line":766,"type":"if","locations":[{"start":{"line":766,"column":8},"end":{"line":766,"column":8}},{"start":{"line":766,"column":8},"end":{"line":766,"column":8}}]},"34":{"line":778,"type":"if","locations":[{"start":{"line":778,"column":8},"end":{"line":778,"column":8}},{"start":{"line":778,"column":8},"end":{"line":778,"column":8}}]},"35":{"line":782,"type":"if","locations":[{"start":{"line":782,"column":8},"end":{"line":782,"column":8}},{"start":{"line":782,"column":8},"end":{"line":782,"column":8}}]},"36":{"line":796,"type":"if","locations":[{"start":{"line":796,"column":8},"end":{"line":796,"column":8}},{"start":{"line":796,"column":8},"end":{"line":796,"column":8}}]},"37":{"line":797,"type":"if","locations":[{"start":{"line":797,"column":8},"end":{"line":797,"column":8}},{"start":{"line":797,"column":8},"end":{"line":797,"column":8}}]},"38":{"line":798,"type":"if","locations":[{"start":{"line":798,"column":8},"end":{"line":798,"column":8}},{"start":{"line":798,"column":8},"end":{"line":798,"column":8}}]},"39":{"line":814,"type":"if","locations":[{"start":{"line":814,"column":8},"end":{"line":814,"column":8}},{"start":{"line":814,"column":8},"end":{"line":814,"column":8}}]},"40":{"line":815,"type":"if","locations":[{"start":{"line":815,"column":8},"end":{"line":815,"column":8}},{"start":{"line":815,"column":8},"end":{"line":815,"column":8}}]},"41":{"line":832,"type":"if","locations":[{"start":{"line":832,"column":8},"end":{"line":832,"column":8}},{"start":{"line":832,"column":8},"end":{"line":832,"column":8}}]},"42":{"line":834,"type":"if","locations":[{"start":{"line":834,"column":8},"end":{"line":834,"column":8}},{"start":{"line":834,"column":8},"end":{"line":834,"column":8}}]},"43":{"line":851,"type":"if","locations":[{"start":{"line":851,"column":12},"end":{"line":851,"column":12}},{"start":{"line":851,"column":12},"end":{"line":851,"column":12}}]},"44":{"line":861,"type":"if","locations":[{"start":{"line":861,"column":8},"end":{"line":861,"column":8}},{"start":{"line":861,"column":8},"end":{"line":861,"column":8}}]},"45":{"line":877,"type":"if","locations":[{"start":{"line":877,"column":8},"end":{"line":877,"column":8}},{"start":{"line":877,"column":8},"end":{"line":877,"column":8}}]}}},
"contracts/LSSVMPairEnumerable.sol":{"l":{"23":0,"24":0,"25":0,"27":0,"29":0,"30":0,"31":0,"43":0,"44":0,"45":0,"47":0,"48":0,"55":0,"56":0,"57":0,"58":0,"59":0,"64":0,"65":0,"68":0,"77":0,"86":0,"87":0,"88":0,"90":0,"91":0,"95":0},"path":"/Users/obinnaoparaocha/Documents/GitHub/solidity_by_wisdom/contracts/LSSVMPairEnumerable.sol","s":{"1":0,"2":0,"3":0,"4":0,"5":0,"6":0,"7":0,"8":0,"9":0,"10":0,"11":0,"12":0,"13":0,"14":0,"15":0,"16":0,"17":0,"18":0},"b":{},"f":{"1":0,"2":0,"3":0,"4":0,"5":0},"fnMap":{"1":{"name":"_sendAnyNFTsToRecipient","line":16,"loc":{"start":{"line":16,"column":4},"end":{"line":34,"column":4}}},"2":{"name":"_sendSpecificNFTsToRecipient","line":37,"loc":{"start":{"line":37,"column":4},"end":{"line":51,"column":4}}},"3":{"name":"getAllHeldIds","line":54,"loc":{"start":{"line":54,"column":4},"end":{"line":69,"column":4}}},"4":{"name":"onERC721Received","line":71,"loc":{"start":{"line":71,"column":4},"end":{"line":78,"column":4}}},"5":{"name":"withdrawERC721","line":84,"loc":{"start":{"line":81,"column":4},"end":{"line":96,"column":4}}}},"statementMap":{"1":{"start":{"line":23,"column":8},"end":{"line":23,"column":61}},"2":{"start":{"line":24,"column":8},"end":{"line":24,"column":925}},"3":{"start":{"line":25,"column":12},"end":{"line":25,"column":1028}},"4":{"start":{"line":27,"column":12},"end":{"line":27,"column":68}},"5":{"start":{"line":43,"column":8},"end":{"line":43,"column":39}},"6":{"start":{"line":44,"column":8},"end":{"line":44,"column":1532}},"7":{"start":{"line":45,"column":12},"end":{"line":45,"column":72}},"8":{"start":{"line":55,"column":8},"end":{"line":55,"column":28}},"9":{"start":{"line":56,"column":8},"end":{"line":56,"column":55}},"10":{"start":{"line":57,"column":8},"end":{"line":57,"column":53}},"11":{"start":{"line":58,"column":8},"end":{"line":58,"column":1978}},"12":{"start":{"line":59,"column":12},"end":{"line":59,"column":2027}},"13":{"start":{"line":68,"column":8},"end":{"line":68,"column":18}},"14":{"start":{"line":77,"column":8},"end":{"line":77,"column":45}},"15":{"start":{"line":86,"column":8},"end":{"line":86,"column":39}},"16":{"start":{"line":87,"column":8},"end":{"line":87,"column":2647}},"17":{"start":{"line":88,"column":12},"end":{"line":88,"column":67}},"18":{"start":{"line":95,"column":8},"end":{"line":95,"column":28}}},"branchMap":{}},
"contracts/LSSVMPairEnumerableERC20.sol":{"l":{"22":0},"path":"/Users/obinnaoparaocha/Documents/GitHub/solidity_by_wisdom/contracts/LSSVMPairEnumerableERC20.sol","s":{"1":0},"b":{},"f":{"1":0},"fnMap":{"1":{"name":"pairVariant","line":16,"loc":{"start":{"line":16,"column":4},"end":{"line":23,"column":4}}}},"statementMap":{"1":{"start":{"line":22,"column":8},"end":{"line":22,"column":65}}},"branchMap":{}},
"contracts/LSSVMPairEnumerableETH.sol":{"l":{"22":0},"path":"/Users/obinnaoparaocha/Documents/GitHub/solidity_by_wisdom/contracts/LSSVMPairEnumerableETH.sol","s":{"1":0},"b":{},"f":{"1":0},"fnMap":{"1":{"name":"pairVariant","line":16,"loc":{"start":{"line":16,"column":4},"end":{"line":23,"column":4}}}},"statementMap":{"1":{"start":{"line":22,"column":8},"end":{"line":22,"column":63}}},"branchMap":{}},
"contracts/LSSVMPairERC20.sol":{"l":{"27":0,"28":0,"44":0,"46":0,"47":0,"49":0,"51":0,"54":0,"55":0,"56":0,"60":0,"61":0,"70":0,"76":0,"88":0,"95":0,"96":0,"116":0,"117":0,"120":0,"121":0,"122":0,"124":0,"125":0,"136":0,"137":0,"144":0,"153":0,"155":0,"157":0},"path":"/Users/obinnaoparaocha/Documents/GitHub/solidity_by_wisdom/contracts/LSSVMPairERC20.sol","s":{"1":0,"2":0,"3":0,"4":0,"5":0,"6":0,"7":0,"8":0,"9":0,"10":0,"11":0,"12":0,"13":0,"14":0,"15":0,"16":0,"17":0,"18":0,"19":0,"20":0,"21":0,"22":0,"23":0,"24":0,"25":0,"26":0,"27":0,"28":0},"b":{"1":[0,0],"2":[0,0],"3":[0,0],"4":[0,0],"5":[0,0],"6":[0,0],"7":[0,0],"8":[0,0],"9":[0,0],"10":[0,0]},"f":{"1":0,"2":0,"3":0,"4":0,"5":0,"6":0,"7":0},"fnMap":{"1":{"name":"token","line":26,"loc":{"start":{"line":26,"column":4},"end":{"line":34,"column":4}}},"2":{"name":"_pullTokenInputAndPayProtocolFee","line":37,"loc":{"start":{"line":37,"column":4},"end":{"line":103,"column":4}}},"3":{"name":"_refundTokenToSender","line":106,"loc":{"start":{"line":106,"column":4},"end":{"line":108,"column":4}}},"4":{"name":"_payProtocolFeeFromPair","line":111,"loc":{"start":{"line":111,"column":4},"end":{"line":128,"column":4}}},"5":{"name":"_sendTokenOutput","line":131,"loc":{"start":{"line":131,"column":4},"end":{"line":139,"column":4}}},"6":{"name":"_immutableParamsLength","line":143,"loc":{"start":{"line":143,"column":4},"end":{"line":145,"column":4}}},"7":{"name":"withdrawERC20","line":151,"loc":{"start":{"line":148,"column":4},"end":{"line":159,"column":4}}}},"statementMap":{"1":{"start":{"line":27,"column":8},"end":{"line":27,"column":55}},"2":{"start":{"line":44,"column":8},"end":{"line":44,"column":44}},"3":{"start":{"line":46,"column":8},"end":{"line":46,"column":30}},"4":{"start":{"line":47,"column":8},"end":{"line":47,"column":53}},"5":{"start":{"line":49,"column":8},"end":{"line":49,"column":1626}},"6":{"start":{"line":51,"column":12},"end":{"line":51,"column":65}},"7":{"start":{"line":55,"column":16},"end":{"line":55,"column":70}},"8":{"start":{"line":56,"column":16},"end":{"line":56,"column":51}},"9":{"start":{"line":60,"column":12},"end":{"line":60,"column":69}},"10":{"start":{"line":61,"column":12},"end":{"line":61,"column":2126}},"11":{"start":{"line":70,"column":12},"end":{"line":70,"column":2421}},"12":{"start":{"line":76,"column":12},"end":{"line":76,"column":2617}},"13":{"start":{"line":88,"column":12},"end":{"line":88,"column":3051}},"14":{"start":{"line":95,"column":12},"end":{"line":95,"column":3255}},"15":{"start":{"line":96,"column":16},"end":{"line":96,"column":3298}},"16":{"start":{"line":116,"column":8},"end":{"line":116,"column":3860}},"17":{"start":{"line":117,"column":12},"end":{"line":117,"column":34}},"18":{"start":{"line":120,"column":12},"end":{"line":120,"column":70}},"19":{"start":{"line":121,"column":12},"end":{"line":121,"column":4138}},"20":{"start":{"line":122,"column":16},"end":{"line":122,"column":45}},"21":{"start":{"line":124,"column":12},"end":{"line":124,"column":4250}},"22":{"start":{"line":125,"column":16},"end":{"line":125,"column":66}},"23":{"start":{"line":136,"column":8},"end":{"line":136,"column":4566}},"24":{"start":{"line":137,"column":12},"end":{"line":137,"column":61}},"25":{"start":{"line":144,"column":8},"end":{"line":144,"column":38}},"26":{"start":{"line":153,"column":8},"end":{"line":153,"column":41}},"27":{"start":{"line":155,"column":8},"end":{"line":155,"column":5084}},"28":{"start":{"line":157,"column":12},"end":{"line":157,"column":40}}},"branchMap":{"1":{"line":44,"type":"if","locations":[{"start":{"line":44,"column":8},"end":{"line":44,"column":8}},{"start":{"line":44,"column":8},"end":{"line":44,"column":8}}]},"2":{"line":49,"type":"if","locations":[{"start":{"line":49,"column":8},"end":{"line":49,"column":8}},{"start":{"line":49,"column":8},"end":{"line":49,"column":8}}]},"3":{"line":56,"type":"if","locations":[{"start":{"line":56,"column":16},"end":{"line":56,"column":16}},{"start":{"line":56,"column":16},"end":{"line":56,"column":16}}]},"4":{"line":70,"type":"if","locations":[{"start":{"line":70,"column":12},"end":{"line":70,"column":12}},{"start":{"line":70,"column":12},"end":{"line":70,"column":12}}]},"5":{"line":95,"type":"if","locations":[{"start":{"line":95,"column":12},"end":{"line":95,"column":12}},{"start":{"line":95,"column":12},"end":{"line":95,"column":12}}]},"6":{"line":116,"type":"if","locations":[{"start":{"line":116,"column":8},"end":{"line":116,"column":8}},{"start":{"line":116,"column":8},"end":{"line":116,"column":8}}]},"7":{"line":121,"type":"if","locations":[{"start":{"line":121,"column":12},"end":{"line":121,"column":12}},{"start":{"line":121,"column":12},"end":{"line":121,"column":12}}]},"8":{"line":124,"type":"if","locations":[{"start":{"line":124,"column":12},"end":{"line":124,"column":12}},{"start":{"line":124,"column":12},"end":{"line":124,"column":12}}]},"9":{"line":136,"type":"if","locations":[{"start":{"line":136,"column":8},"end":{"line":136,"column":8}},{"start":{"line":136,"column":8},"end":{"line":136,"column":8}}]},"10":{"line":155,"type":"if","locations":[{"start":{"line":155,"column":8},"end":{"line":155,"column":8}},{"start":{"line":155,"column":8},"end":{"line":155,"column":8}}]}}},
"contracts/LSSVMPairETH.sol":{"l":{"29":0,"32":0,"33":0,"34":0,"38":0,"40":0,"41":0,"44":0,"45":0,"53":0,"54":0,"64":0,"66":0,"67":0,"70":0,"71":0,"82":0,"83":0,"90":0,"98":0,"108":0,"111":0,"120":0,"128":0,"137":0,"138":0},"path":"/Users/obinnaoparaocha/Documents/GitHub/solidity_by_wisdom/contracts/LSSVMPairETH.sol","s":{"1":0,"2":0,"3":0,"4":0,"5":0,"6":0,"7":0,"8":0,"9":0,"10":0,"11":0,"12":0,"13":0,"14":0,"15":0,"16":0,"17":0,"18":0,"19":0,"20":0,"21":0,"22":0,"23":0,"24":0,"25":0},"b":{"1":[0,0],"2":[0,0],"3":[0,0],"4":[0,0],"5":[0,0],"6":[0,0],"7":[0,0],"8":[0,0],"9":[0,0],"10":[0,0],"11":[0,0]},"f":{"1":0,"2":0,"3":0,"4":0,"5":0,"6":0,"7":0,"8":0,"9":0},"fnMap":{"1":{"name":"_pullTokenInputAndPayProtocolFee","line":22,"loc":{"start":{"line":22,"column":4},"end":{"line":48,"column":4}}},"2":{"name":"_refundTokenToSender","line":51,"loc":{"start":{"line":51,"column":4},"end":{"line":56,"column":4}}},"3":{"name":"_payProtocolFeeFromPair","line":59,"loc":{"start":{"line":59,"column":4},"end":{"line":74,"column":4}}},"4":{"name":"_sendTokenOutput","line":77,"loc":{"start":{"line":77,"column":4},"end":{"line":85,"column":4}}},"5":{"name":"_immutableParamsLength","line":89,"loc":{"start":{"line":89,"column":4},"end":{"line":91,"column":4}}},"6":{"name":"withdrawAllETH","line":97,"loc":{"start":{"line":97,"column":4},"end":{"line":99,"column":4}}},"7":{"name":"withdrawETH","line":107,"loc":{"start":{"line":107,"column":4},"end":{"line":112,"column":4}}},"8":{"name":"withdrawERC20","line":118,"loc":{"start":{"line":115,"column":4},"end":{"line":121,"column":4}}},"9":{"name":null,"line":135,"loc":{"start":{"line":135,"column":4},"end":{"line":139,"column":4}}}},"statementMap":{"1":{"start":{"line":29,"column":8},"end":{"line":29,"column":63}},"2":{"start":{"line":32,"column":8},"end":{"line":32,"column":61}},"3":{"start":{"line":33,"column":8},"end":{"line":33,"column":1187}},"4":{"start":{"line":34,"column":12},"end":{"line":34,"column":69}},"5":{"start":{"line":38,"column":8},"end":{"line":38,"column":1347}},"6":{"start":{"line":40,"column":12},"end":{"line":40,"column":1514}},"7":{"start":{"line":41,"column":16},"end":{"line":41,"column":50}},"8":{"start":{"line":44,"column":12},"end":{"line":44,"column":1637}},"9":{"start":{"line":45,"column":16},"end":{"line":45,"column":70}},"10":{"start":{"line":53,"column":8},"end":{"line":53,"column":1915}},"11":{"start":{"line":54,"column":12},"end":{"line":54,"column":71}},"12":{"start":{"line":64,"column":8},"end":{"line":64,"column":2236}},"13":{"start":{"line":66,"column":12},"end":{"line":66,"column":2403}},"14":{"start":{"line":67,"column":16},"end":{"line":67,"column":50}},"15":{"start":{"line":70,"column":12},"end":{"line":70,"column":2526}},"16":{"start":{"line":71,"column":16},"end":{"line":71,"column":70}},"17":{"start":{"line":82,"column":8},"end":{"line":82,"column":2843}},"18":{"start":{"line":83,"column":12},"end":{"line":83,"column":55}},"19":{"start":{"line":90,"column":8},"end":{"line":90,"column":38}},"20":{"start":{"line":98,"column":8},"end":{"line":98,"column":41}},"21":{"start":{"line":108,"column":8},"end":{"line":108,"column":47}},"22":{"start":{"line":111,"column":8},"end":{"line":111,"column":36}},"23":{"start":{"line":120,"column":8},"end":{"line":120,"column":41}},"24":{"start":{"line":137,"column":8},"end":{"line":137,"column":60}},"25":{"start":{"line":138,"column":8},"end":{"line":138,"column":36}}},"branchMap":{"1":{"line":29,"type":"if","locations":[{"start":{"line":29,"column":8},"end":{"line":29,"column":8}},{"start":{"line":29,"column":8},"end":{"line":29,"column":8}}]},"2":{"line":33,"type":"if","locations":[{"start":{"line":33,"column":8},"end":{"line":33,"column":8}},{"start":{"line":33,"column":8},"end":{"line":33,"column":8}}]},"3":{"line":38,"type":"if","locations":[{"start":{"line":38,"column":8},"end":{"line":38,"column":8}},{"start":{"line":38,"column":8},"end":{"line":38,"column":8}}]},"4":{"line":40,"type":"if","locations":[{"start":{"line":40,"column":12},"end":{"line":40,"column":12}},{"start":{"line":40,"column":12},"end":{"line":40,"column":12}}]},"5":{"line":44,"type":"if","locations":[{"start":{"line":44,"column":12},"end":{"line":44,"column":12}},{"start":{"line":44,"column":12},"end":{"line":44,"column":12}}]},"6":{"line":53,"type":"if","locations":[{"start":{"line":53,"column":8},"end":{"line":53,"column":8}},{"start":{"line":53,"column":8},"end":{"line":53,"column":8}}]},"7":{"line":64,"type":"if","locations":[{"start":{"line":64,"column":8},"end":{"line":64,"column":8}},{"start":{"line":64,"column":8},"end":{"line":64,"column":8}}]},"8":{"line":66,"type":"if","locations":[{"start":{"line":66,"column":12},"end":{"line":66,"column":12}},{"start":{"line":66,"column":12},"end":{"line":66,"column":12}}]},"9":{"line":70,"type":"if","locations":[{"start":{"line":70,"column":12},"end":{"line":70,"column":12}},{"start":{"line":70,"column":12},"end":{"line":70,"column":12}}]},"10":{"line":82,"type":"if","locations":[{"start":{"line":82,"column":8},"end":{"line":82,"column":8}},{"start":{"line":82,"column":8},"end":{"line":82,"column":8}}]},"11":{"line":137,"type":"if","locations":[{"start":{"line":137,"column":8},"end":{"line":137,"column":8}},{"start":{"line":137,"column":8},"end":{"line":137,"column":8}}]}}},
"contracts/LSSVMPairFactory.sol":{"l":{"72":0,"73":0,"74":0,"75":0,"76":0,"78":0,"79":0,"111":0,"117":0,"118":0,"119":0,"122":0,"125":0,"136":0,"145":0,"181":0,"187":0,"188":0,"189":0,"192":0,"195":0,"207":0,"218":0,"233":0,"234":0,"241":0,"248":0,"255":0,"263":0,"281":0,"293":0,"304":0,"305":0,"306":0,"317":0,"318":0,"319":0,"331":0,"332":0,"346":0,"347":0,"353":0,"354":0,"367":0,"368":0,"370":0,"375":0,"392":0,"395":0,"398":0,"399":0,"400":0,"406":0,"407":0,"424":0,"427":0,"434":0,"435":0,"436":0,"442":0,"443":0,"457":0,"458":0,"459":0,"461":0,"462":0,"465":0,"471":0,"483":0,"484":0,"488":0,"489":0},"path":"/Users/obinnaoparaocha/Documents/GitHub/solidity_by_wisdom/contracts/LSSVMPairFactory.sol","s":{"1":0,"2":0,"3":0,"4":0,"5":0,"6":0,"7":0,"8":0,"9":0,"10":0,"11":0,"12":0,"13":0,"14":0,"15":0,"16":0,"17":0,"18":0,"19":0,"20":0,"21":0,"22":0,"23":0,"24":0,"25":0,"26":0,"27":0,"28":0,"29":0,"30":0,"31":0,"32":0,"33":0,"34":0,"35":0,"36":0,"37":0,"38":0,"39":0,"40":0,"41":0,"42":0,"43":0,"44":0,"45":0,"46":0,"47":0,"48":0,"49":0,"50":0,"51":0,"52":0,"53":0,"54":0,"55":0,"56":0,"57":0,"58":0,"59":0,"60":0,"61":0,"62":0,"63":0,"64":0,"65":0,"66":0,"67":0,"68":0,"69":0},"b":{"1":[0,0],"2":[0,0],"3":[0,0],"4":[0,0],"5":[0,0],"6":[0,0],"7":[0,0],"8":[0,0],"9":[0,0],"10":[0,0],"11":[0,0],"12":[0,0],"13":[0,0],"14":[0,0],"15":[0,0],"16":[0,0]},"f":{"1":0,"2":0,"3":0,"4":0,"5":0,"6":0,"7":0,"8":0,"9":0,"10":0,"11":0,"12":0,"13":0,"14":0,"15":0},"fnMap":{"1":{"name":"constructor","line":64,"loc":{"start":{"line":64,"column":4},"end":{"line":80,"column":4}}},"2":{"name":"createPairETH","line":101,"loc":{"start":{"line":101,"column":4},"end":{"line":146,"column":4}}},"3":{"name":"createPairERC20","line":177,"loc":{"start":{"line":177,"column":4},"end":{"line":219,"column":4}}},"4":{"name":"isPair","line":227,"loc":{"start":{"line":227,"column":4},"end":{"line":265,"column":4}}},"5":{"name":"withdrawETHProtocolFees","line":280,"loc":{"start":{"line":280,"column":4},"end":{"line":282,"column":4}}},"6":{"name":"withdrawERC20ProtocolFees","line":291,"loc":{"start":{"line":289,"column":4},"end":{"line":294,"column":4}}},"7":{"name":"changeProtocolFeeRecipient","line":302,"loc":{"start":{"line":300,"column":4},"end":{"line":307,"column":4}}},"8":{"name":"changeProtocolFeeMultiplier","line":315,"loc":{"start":{"line":313,"column":4},"end":{"line":320,"column":4}}},"9":{"name":"setBondingCurveAllowed","line":329,"loc":{"start":{"line":327,"column":4},"end":{"line":333,"column":4}}},"10":{"name":"setCallAllowed","line":343,"loc":{"start":{"line":341,"column":4},"end":{"line":355,"column":4}}},"11":{"name":"setRouterAllowed","line":364,"loc":{"start":{"line":362,"column":4},"end":{"line":376,"column":4}}},"12":{"name":"_initializePairETH","line":382,"loc":{"start":{"line":382,"column":4},"end":{"line":410,"column":4}}},"13":{"name":"_initializePairERC20","line":412,"loc":{"start":{"line":412,"column":4},"end":{"line":446,"column":4}}},"14":{"name":"depositNFTs","line":451,"loc":{"start":{"line":451,"column":4},"end":{"line":473,"column":4}}},"15":{"name":"depositERC20","line":478,"loc":{"start":{"line":478,"column":4},"end":{"line":492,"column":4}}}},"statementMap":{"1":{"start":{"line":72,"column":8},"end":{"line":72,"column":53}},"2":{"start":{"line":73,"column":8},"end":{"line":73,"column":67}},"3":{"start":{"line":74,"column":8},"end":{"line":74,"column":57}},"4":{"start":{"line":75,"column":8},"end":{"line":75,"column":71}},"5":{"start":{"line":76,"column":8},"end":{"line":76,"column":51}},"6":{"start":{"line":78,"column":8},"end":{"line":78,"column":75}},"7":{"start":{"line":79,"column":8},"end":{"line":79,"column":53}},"8":{"start":{"line":111,"column":8},"end":{"line":111,"column":5148}},"9":{"start":{"line":117,"column":8},"end":{"line":117,"column":24}},"10":{"start":{"line":118,"column":8},"end":{"line":118,"column":5393}},"11":{"start":{"line":119,"column":10},"end":{"line":119,"column":5552}},"12":{"start":{"line":122,"column":10},"end":{"line":122,"column":57}},"13":{"start":{"line":125,"column":8},"end":{"line":125,"column":5717}},"14":{"start":{"line":136,"column":8},"end":{"line":136,"column":5974}},"15":{"start":{"line":145,"column":8},"end":{"line":145,"column":35}},"16":{"start":{"line":181,"column":8},"end":{"line":181,"column":7731}},"17":{"start":{"line":187,"column":8},"end":{"line":187,"column":24}},"18":{"start":{"line":188,"column":8},"end":{"line":188,"column":7974}},"19":{"start":{"line":189,"column":10},"end":{"line":189,"column":8141}},"20":{"start":{"line":192,"column":10},"end":{"line":192,"column":59}},"21":{"start":{"line":195,"column":8},"end":{"line":195,"column":8310}},"22":{"start":{"line":207,"column":8},"end":{"line":207,"column":8623}},"23":{"start":{"line":218,"column":8},"end":{"line":218,"column":35}},"24":{"start":{"line":233,"column":8},"end":{"line":233,"column":9454}},"25":{"start":{"line":234,"column":12},"end":{"line":234,"column":9522}},"26":{"start":{"line":240,"column":15},"end":{"line":240,"column":9727}},"27":{"start":{"line":241,"column":12},"end":{"line":241,"column":9803}},"28":{"start":{"line":247,"column":15},"end":{"line":247,"column":10015}},"29":{"start":{"line":248,"column":12},"end":{"line":248,"column":10081}},"30":{"start":{"line":254,"column":15},"end":{"line":254,"column":10282}},"31":{"start":{"line":255,"column":12},"end":{"line":255,"column":10356}},"32":{"start":{"line":263,"column":12},"end":{"line":263,"column":24}},"33":{"start":{"line":281,"column":8},"end":{"line":281,"column":66}},"34":{"start":{"line":293,"column":8},"end":{"line":293,"column":55}},"35":{"start":{"line":304,"column":8},"end":{"line":304,"column":64}},"36":{"start":{"line":305,"column":8},"end":{"line":305,"column":51}},"37":{"start":{"line":306,"column":8},"end":{"line":306,"column":62}},"38":{"start":{"line":317,"column":8},"end":{"line":317,"column":75}},"39":{"start":{"line":318,"column":8},"end":{"line":318,"column":53}},"40":{"start":{"line":319,"column":8},"end":{"line":319,"column":64}},"41":{"start":{"line":331,"column":8},"end":{"line":331,"column":52}},"42":{"start":{"line":332,"column":8},"end":{"line":332,"column":62}},"43":{"start":{"line":346,"column":8},"end":{"line":346,"column":13333}},"44":{"start":{"line":347,"column":12},"end":{"line":347,"column":13366}},"45":{"start":{"line":353,"column":8},"end":{"line":353,"column":38}},"46":{"start":{"line":354,"column":8},"end":{"line":354,"column":54}},"47":{"start":{"line":367,"column":8},"end":{"line":367,"column":13981}},"48":{"start":{"line":368,"column":12},"end":{"line":368,"column":71}},"49":{"start":{"line":370,"column":8},"end":{"line":370,"column":14091}},"50":{"start":{"line":375,"column":8},"end":{"line":375,"column":51}},"51":{"start":{"line":392,"column":8},"end":{"line":392,"column":78}},"52":{"start":{"line":395,"column":8},"end":{"line":395,"column":57}},"53":{"start":{"line":398,"column":8},"end":{"line":398,"column":47}},"54":{"start":{"line":399,"column":8},"end":{"line":399,"column":14886}},"55":{"start":{"line":400,"column":12},"end":{"line":400,"column":14935}},"56":{"start":{"line":424,"column":8},"end":{"line":424,"column":78}},"57":{"start":{"line":427,"column":8},"end":{"line":427,"column":15620}},"58":{"start":{"line":434,"column":8},"end":{"line":434,"column":47}},"59":{"start":{"line":435,"column":8},"end":{"line":435,"column":15852}},"60":{"start":{"line":436,"column":12},"end":{"line":436,"column":15901}},"61":{"start":{"line":457,"column":8},"end":{"line":457,"column":36}},"62":{"start":{"line":458,"column":8},"end":{"line":458,"column":16463}},"63":{"start":{"line":459,"column":12},"end":{"line":459,"column":63}},"64":{"start":{"line":465,"column":8},"end":{"line":465,"column":16640}},"65":{"start":{"line":471,"column":12},"end":{"line":471,"column":38}},"66":{"start":{"line":483,"column":8},"end":{"line":483,"column":60}},"67":{"start":{"line":484,"column":8},"end":{"line":484,"column":17330}},"68":{"start":{"line":488,"column":12},"end":{"line":488,"column":17494}},"69":{"start":{"line":489,"column":16},"end":{"line":489,"column":44}}},"branchMap":{"1":{"line":78,"type":"if","locations":[{"start":{"line":78,"column":8},"end":{"line":78,"column":8}},{"start":{"line":78,"column":8},"end":{"line":78,"column":8}}]},"2":{"line":111,"type":"if","locations":[{"start":{"line":111,"column":8},"end":{"line":111,"column":8}},{"start":{"line":111,"column":8},"end":{"line":111,"column":8}}]},"3":{"line":181,"type":"if","locations":[{"start":{"line":181,"column":8},"end":{"line":181,"column":8}},{"start":{"line":181,"column":8},"end":{"line":181,"column":8}}]},"4":{"line":233,"type":"if","locations":[{"start":{"line":233,"column":8},"end":{"line":233,"column":8}},{"start":{"line":233,"column":8},"end":{"line":233,"column":8}}]},"5":{"line":240,"type":"if","locations":[{"start":{"line":240,"column":15},"end":{"line":240,"column":15}},{"start":{"line":240,"column":15},"end":{"line":240,"column":15}}]},"6":{"line":247,"type":"if","locations":[{"start":{"line":247,"column":15},"end":{"line":247,"column":15}},{"start":{"line":247,"column":15},"end":{"line":247,"column":15}}]},"7":{"line":254,"type":"if","locations":[{"start":{"line":254,"column":15},"end":{"line":254,"column":15}},{"start":{"line":254,"column":15},"end":{"line":254,"column":15}}]},"8":{"line":304,"type":"if","locations":[{"start":{"line":304,"column":8},"end":{"line":304,"column":8}},{"start":{"line":304,"column":8},"end":{"line":304,"column":8}}]},"9":{"line":317,"type":"if","locations":[{"start":{"line":317,"column":8},"end":{"line":317,"column":8}},{"start":{"line":317,"column":8},"end":{"line":317,"column":8}}]},"10":{"line":346,"type":"if","locations":[{"start":{"line":346,"column":8},"end":{"line":346,"column":8}},{"start":{"line":346,"column":8},"end":{"line":346,"column":8}}]},"11":{"line":347,"type":"if","locations":[{"start":{"line":347,"column":12},"end":{"line":347,"column":12}},{"start":{"line":347,"column":12},"end":{"line":347,"column":12}}]},"12":{"line":367,"type":"if","locations":[{"start":{"line":367,"column":8},"end":{"line":367,"column":8}},{"start":{"line":367,"column":8},"end":{"line":367,"column":8}}]},"13":{"line":368,"type":"if","locations":[{"start":{"line":368,"column":12},"end":{"line":368,"column":12}},{"start":{"line":368,"column":12},"end":{"line":368,"column":12}}]},"14":{"line":465,"type":"if","locations":[{"start":{"line":465,"column":8},"end":{"line":465,"column":8}},{"start":{"line":465,"column":8},"end":{"line":465,"column":8}}]},"15":{"line":484,"type":"if","locations":[{"start":{"line":484,"column":8},"end":{"line":484,"column":8}},{"start":{"line":484,"column":8},"end":{"line":484,"column":8}}]},"16":{"line":488,"type":"if","locations":[{"start":{"line":488,"column":12},"end":{"line":488,"column":12}},{"start":{"line":488,"column":12},"end":{"line":488,"column":12}}]}}},
"contracts/LSSVMPairMissingEnumerable.sol":{"l":{"29":0,"30":0,"31":0,"32":0,"33":0,"35":0,"36":0,"37":0,"50":0,"51":0,"52":0,"54":0,"56":0,"57":0,"64":0,"65":0,"66":0,"67":0,"69":0,"70":0,"73":0,"86":0,"88":0,"89":0,"91":0,"100":0,"101":0,"104":0,"105":0,"106":0,"108":0,"109":0,"115":0,"116":0,"117":0,"119":0,"120":0,"124":0},"path":"/Users/obinnaoparaocha/Documents/GitHub/solidity_by_wisdom/contracts/LSSVMPairMissingEnumerable.sol","s":{"1":0,"2":0,"3":0,"4":0,"5":0,"6":0,"7":0,"8":0,"9":0,"10":0,"11":0,"12":0,"13":0,"14":0,"15":0,"16":0,"17":0,"18":0,"19":0,"20":0,"21":0,"22":0,"23":0,"24":0,"25":0,"26":0,"27":0},"b":{"1":[0,0],"2":[0,0]},"f":{"1":0,"2":0,"3":0,"4":0,"5":0},"fnMap":{"1":{"name":"_sendAnyNFTsToRecipient","line":21,"loc":{"start":{"line":21,"column":4},"end":{"line":40,"column":4}}},"2":{"name":"_sendSpecificNFTsToRecipient","line":43,"loc":{"start":{"line":43,"column":4},"end":{"line":60,"column":4}}},"3":{"name":"getAllHeldIds","line":63,"loc":{"start":{"line":63,"column":4},"end":{"line":74,"column":4}}},"4":{"name":"onERC721Received","line":80,"loc":{"start":{"line":80,"column":4},"end":{"line":92,"column":4}}},"5":{"name":"withdrawERC721","line":98,"loc":{"start":{"line":95,"column":4},"end":{"line":126,"column":4}}}},"statementMap":{"1":{"start":{"line":29,"column":8},"end":{"line":29,"column":46}},"2":{"start":{"line":30,"column":8},"end":{"line":30,"column":1114}},"3":{"start":{"line":31,"column":12},"end":{"line":31,"column":47}},"4":{"start":{"line":32,"column":12},"end":{"line":32,"column":68}},"5":{"start":{"line":33,"column":12},"end":{"line":33,"column":30}},"6":{"start":{"line":50,"column":8},"end":{"line":50,"column":39}},"7":{"start":{"line":51,"column":8},"end":{"line":51,"column":1730}},"8":{"start":{"line":52,"column":12},"end":{"line":52,"column":72}},"9":{"start":{"line":54,"column":12},"end":{"line":54,"column":34}},"10":{"start":{"line":64,"column":8},"end":{"line":64,"column":40}},"11":{"start":{"line":65,"column":8},"end":{"line":65,"column":53}},"12":{"start":{"line":66,"column":8},"end":{"line":66,"column":2202}},"13":{"start":{"line":67,"column":12},"end":{"line":67,"column":31}},"14":{"start":{"line":73,"column":8},"end":{"line":73,"column":18}},"15":{"start":{"line":86,"column":8},"end":{"line":86,"column":28}},"16":{"start":{"line":88,"column":8},"end":{"line":88,"column":2803}},"17":{"start":{"line":89,"column":12},"end":{"line":89,"column":24}},"18":{"start":{"line":91,"column":8},"end":{"line":91,"column":45}},"19":{"start":{"line":100,"column":8},"end":{"line":100,"column":28}},"20":{"start":{"line":101,"column":8},"end":{"line":101,"column":39}},"21":{"start":{"line":104,"column":8},"end":{"line":104,"column":3225}},"22":{"start":{"line":105,"column":12},"end":{"line":105,"column":3258}},"23":{"start":{"line":106,"column":16},"end":{"line":106,"column":71}},"24":{"start":{"line":115,"column":12},"end":{"line":115,"column":3558}},"25":{"start":{"line":116,"column":16},"end":{"line":116,"column":74}},"26":{"start":{"line":117,"column":16},"end":{"line":117,"column":38}},"27":{"start":{"line":124,"column":12},"end":{"line":124,"column":32}}},"branchMap":{"1":{"line":88,"type":"if","locations":[{"start":{"line":88,"column":8},"end":{"line":88,"column":8}},{"start":{"line":88,"column":8},"end":{"line":88,"column":8}}]},"2":{"line":104,"type":"if","locations":[{"start":{"line":104,"column":8},"end":{"line":104,"column":8}},{"start":{"line":104,"column":8},"end":{"line":104,"column":8}}]}}},
"contracts/LSSVMPairMissingEnumerableERC20.sol":{"l":{"18":0},"path":"/Users/obinnaoparaocha/Documents/GitHub/solidity_by_wisdom/contracts/LSSVMPairMissingEnumerableERC20.sol","s":{"1":0},"b":{},"f":{"1":0},"fnMap":{"1":{"name":"pairVariant","line":12,"loc":{"start":{"line":12,"column":4},"end":{"line":19,"column":4}}}},"statementMap":{"1":{"start":{"line":18,"column":8},"end":{"line":18,"column":73}}},"branchMap":{}},
"contracts/LSSVMPairMissingEnumerableETH.sol":{"l":{"18":0},"path":"/Users/obinnaoparaocha/Documents/GitHub/solidity_by_wisdom/contracts/LSSVMPairMissingEnumerableETH.sol","s":{"1":0},"b":{},"f":{"1":0},"fnMap":{"1":{"name":"pairVariant","line":12,"loc":{"start":{"line":12,"column":4},"end":{"line":19,"column":4}}}},"statementMap":{"1":{"start":{"line":18,"column":8},"end":{"line":18,"column":71}}},"branchMap":{}},
"contracts/LSSVMRouter.sol":{"l":{"59":0,"60":0,"66":0,"92":0,"115":0,"143":0,"150":0,"154":0,"183":0,"190":0,"194":0,"229":0,"246":0,"263":0,"286":0,"293":0,"298":0,"327":0,"334":0,"339":0,"374":0,"377":0,"378":0,"379":0,"380":0,"382":0,"387":0,"393":0,"404":0,"405":0,"410":0,"411":0,"429":0,"430":0,"431":0,"434":0,"435":0,"437":0,"442":0,"448":0,"460":0,"461":0,"466":0,"467":0,"486":0,"487":0,"488":0,"491":0,"492":0,"494":0,"499":0,"503":0,"512":0,"513":0,"533":0,"534":0,"535":0,"538":0,"539":0,"541":0,"546":0,"550":0,"562":0,"563":0,"581":0,"582":0,"583":0,"586":0,"587":0,"588":0,"592":0,"593":0,"594":0,"596":0,"601":0,"603":0,"612":0,"613":0,"631":0,"632":0,"633":0,"634":0,"637":0,"638":0,"640":0,"649":0,"655":0,"668":0,"669":0,"674":0,"675":0,"678":0,"680":0,"681":0,"682":0,"685":0,"686":0,"687":0,"694":0,"695":0,"696":0,"698":0,"703":0,"705":0,"718":0,"719":0,"738":0,"739":0,"740":0,"741":0,"744":0,"745":0,"747":0,"753":0,"757":0,"769":0,"770":0,"774":0,"776":0,"777":0,"778":0,"781":0,"782":0,"783":0,"790":0,"791":0,"792":0,"794":0,"799":0,"801":0,"814":0,"815":0,"844":0,"847":0,"855":0,"875":0,"878":0,"889":0,"906":0,"908":0,"909":0,"912":0,"913":0,"915":0,"920":0,"924":0,"934":0,"935":0,"940":0,"941":0,"959":0,"961":0,"962":0,"965":0,"966":0,"968":0,"973":0,"977":0,"987":0,"988":0,"993":0,"994":0,"1014":0,"1017":0,"1018":0,"1022":0,"1030":0,"1031":0,"1052":0,"1055":0,"1056":0,"1060":0,"1068":0,"1069":0,"1089":0,"1090":0,"1093":0,"1101":0,"1102":0,"1107":0},"path":"/Users/obinnaoparaocha/Documents/GitHub/solidity_by_wisdom/contracts/LSSVMRouter.sol","s":{"1":0,"2":0,"3":0,"4":0,"5":0,"6":0,"7":0,"8":0,"9":0,"10":0,"11":0,"12":0,"13":0,"14":0,"15":0,"16":0,"17":0,"18":0,"19":0,"20":0,"21":0,"22":0,"23":0,"24":0,"25":0,"26":0,"27":0,"28":0,"29":0,"30":0,"31":0,"32":0,"33":0,"34":0,"35":0,"36":0,"37":0,"38":0,"39":0,"40":0,"41":0,"42":0,"43":0,"44":0,"45":0,"46":0,"47":0,"48":0,"49":0,"50":0,"51":0,"52":0,"53":0,"54":0,"55":0,"56":0,"57":0,"58":0,"59":0,"60":0,"61":0,"62":0,"63":0,"64":0,"65":0,"66":0,"67":0,"68":0,"69":0,"70":0,"71":0,"72":0,"73":0,"74":0,"75":0,"76":0,"77":0,"78":0,"79":0,"80":0,"81":0,"82":0,"83":0,"84":0,"85":0,"86":0,"87":0,"88":0,"89":0,"90":0,"91":0,"92":0,"93":0,"94":0,"95":0,"96":0,"97":0,"98":0,"99":0,"100":0,"101":0,"102":0,"103":0,"104":0,"105":0,"106":0,"107":0,"108":0,"109":0,"110":0,"111":0,"112":0,"113":0,"114":0,"115":0,"116":0,"117":0,"118":0,"119":0,"120":0,"121":0,"122":0,"123":0,"124":0,"125":0,"126":0,"127":0,"128":0,"129":0,"130":0,"131":0,"132":0,"133":0,"134":0,"135":0},"b":{"1":[0,0],"2":[0,0],"3":[0,0],"4":[0,0],"5":[0,0],"6":[0,0],"7":[0,0],"8":[0,0],"9":[0,0],"10":[0,0],"11":[0,0],"12":[0,0],"13":[0,0],"14":[0,0],"15":[0,0],"16":[0,0],"17":[0,0],"18":[0,0],"19":[0,0],"20":[0,0],"21":[0,0],"22":[0,0],"23":[0,0],"24":[0,0]},"f":{"1":0,"2":0,"3":0,"4":0,"5":0,"6":0,"7":0,"8":0,"9":0,"10":0,"11":0,"12":0,"13":0,"14":0,"15":0,"16":0,"17":0,"18":0,"19":0,"20":0,"21":0,"22":0,"23":0,"24":0,"25":0,"26":0},"fnMap":{"1":{"name":"checkDeadline","line":58,"loc":{"start":{"line":58,"column":4},"end":{"line":61,"column":4}}},"2":{"name":"constructor","line":65,"loc":{"start":{"line":65,"column":4},"end":{"line":67,"column":4}}},"3":{"name":"swapETHForAnyNFTs","line":89,"loc":{"start":{"line":81,"column":4},"end":{"line":94,"column":4}}},"4":{"name":"swapETHForSpecificNFTs","line":112,"loc":{"start":{"line":104,"column":4},"end":{"line":122,"column":4}}},"5":{"name":"swapNFTsForAnyNFTsThroughETH","line":140,"loc":{"start":{"line":134,"column":4},"end":{"line":162,"column":4}}},"6":{"name":"swapNFTsForSpecificNFTsThroughETH","line":180,"loc":{"start":{"line":174,"column":4},"end":{"line":202,"column":4}}},"7":{"name":"swapERC20ForAnyNFTs","line":228,"loc":{"start":{"line":223,"column":4},"end":{"line":230,"column":4}}},"8":{"name":"swapERC20ForSpecificNFTs","line":245,"loc":{"start":{"line":240,"column":4},"end":{"line":247,"column":4}}},"9":{"name":"swapNFTsForToken","line":262,"loc":{"start":{"line":257,"column":4},"end":{"line":264,"column":4}}},"10":{"name":"swapNFTsForAnyNFTsThroughERC20","line":282,"loc":{"start":{"line":276,"column":4},"end":{"line":305,"column":4}}},"11":{"name":"swapNFTsForSpecificNFTsThroughERC20","line":323,"loc":{"start":{"line":317,"column":4},"end":{"line":346,"column":4}}},"12":{"name":"robustSwapETHForAnyNFTs","line":371,"loc":{"start":{"line":363,"column":4},"end":{"line":413,"column":4}}},"13":{"name":"robustSwapETHForSpecificNFTs","line":428,"loc":{"start":{"line":423,"column":4},"end":{"line":469,"column":4}}},"14":{"name":"robustSwapERC20ForAnyNFTs","line":485,"loc":{"start":{"line":480,"column":4},"end":{"line":516,"column":4}}},"15":{"name":"robustSwapERC20ForSpecificNFTs","line":532,"loc":{"start":{"line":527,"column":4},"end":{"line":566,"column":4}}},"16":{"name":"robustSwapNFTsForToken","line":579,"loc":{"start":{"line":575,"column":4},"end":{"line":616,"column":4}}},"17":{"name":"robustSwapETHForSpecificNFTsAndNFTsToToken","line":628,"loc":{"start":{"line":628,"column":4},"end":{"line":723,"column":4}}},"18":{"name":"robustSwapERC20ForSpecificNFTsAndNFTsToToken","line":735,"loc":{"start":{"line":735,"column":4},"end":{"line":819,"column":4}}},"19":{"name":"pairTransferERC20From","line":836,"loc":{"start":{"line":836,"column":4},"end":{"line":856,"column":4}}},"20":{"name":"pairTransferNFTFrom","line":867,"loc":{"start":{"line":867,"column":4},"end":{"line":879,"column":4}}},"21":{"name":"_checkDeadline","line":888,"loc":{"start":{"line":888,"column":4},"end":{"line":890,"column":4}}},"22":{"name":"_swapETHForAnyNFTs","line":900,"loc":{"start":{"line":900,"column":4},"end":{"line":943,"column":4}}},"23":{"name":"_swapETHForSpecificNFTs","line":953,"loc":{"start":{"line":953,"column":4},"end":{"line":996,"column":4}}},"24":{"name":"_swapERC20ForAnyNFTs","line":1009,"loc":{"start":{"line":1009,"column":4},"end":{"line":1034,"column":4}}},"25":{"name":"_swapERC20ForSpecificNFTs","line":1047,"loc":{"start":{"line":1047,"column":4},"end":{"line":1072,"column":4}}},"26":{"name":"_swapNFTsForToken","line":1083,"loc":{"start":{"line":1083,"column":4},"end":{"line":1108,"column":4}}}},"statementMap":{"1":{"start":{"line":59,"column":8},"end":{"line":59,"column":31}},"2":{"start":{"line":66,"column":8},"end":{"line":66,"column":25}},"3":{"start":{"line":92,"column":8},"end":{"line":92,"column":2669}},"4":{"start":{"line":115,"column":8},"end":{"line":115,"column":3480}},"5":{"start":{"line":143,"column":8},"end":{"line":143,"column":4660}},"6":{"start":{"line":150,"column":8},"end":{"line":150,"column":32}},"7":{"start":{"line":154,"column":8},"end":{"line":154,"column":5056}},"8":{"start":{"line":183,"column":8},"end":{"line":183,"column":6295}},"9":{"start":{"line":190,"column":8},"end":{"line":190,"column":32}},"10":{"start":{"line":194,"column":8},"end":{"line":194,"column":6696}},"11":{"start":{"line":229,"column":8},"end":{"line":229,"column":72}},"12":{"start":{"line":246,"column":8},"end":{"line":246,"column":77}},"13":{"start":{"line":263,"column":8},"end":{"line":263,"column":78}},"14":{"start":{"line":286,"column":8},"end":{"line":286,"column":10889}},"15":{"start":{"line":293,"column":8},"end":{"line":293,"column":34}},"16":{"start":{"line":298,"column":8},"end":{"line":298,"column":11316}},"17":{"start":{"line":327,"column":8},"end":{"line":327,"column":12603}},"18":{"start":{"line":334,"column":8},"end":{"line":334,"column":34}},"19":{"start":{"line":339,"column":8},"end":{"line":339,"column":13035}},"20":{"start":{"line":374,"column":8},"end":{"line":374,"column":33}},"21":{"start":{"line":377,"column":8},"end":{"line":377,"column":24}},"22":{"start":{"line":378,"column":8},"end":{"line":378,"column":35}},"23":{"start":{"line":379,"column":8},"end":{"line":379,"column":42}},"24":{"start":{"line":380,"column":8},"end":{"line":380,"column":14649}},"25":{"start":{"line":382,"column":12},"end":{"line":382,"column":14745}},"26":{"start":{"line":387,"column":12},"end":{"line":387,"column":14946}},"27":{"start":{"line":393,"column":16},"end":{"line":393,"column":15219}},"28":{"start":{"line":410,"column":8},"end":{"line":410,"column":15659}},"29":{"start":{"line":411,"column":12},"end":{"line":411,"column":55}},"30":{"start":{"line":429,"column":8},"end":{"line":429,"column":33}},"31":{"start":{"line":430,"column":8},"end":{"line":430,"column":24}},"32":{"start":{"line":431,"column":8},"end":{"line":431,"column":35}},"33":{"start":{"line":434,"column":8},"end":{"line":434,"column":42}},"34":{"start":{"line":435,"column":8},"end":{"line":435,"column":16694}},"35":{"start":{"line":437,"column":12},"end":{"line":437,"column":16790}},"36":{"start":{"line":442,"column":12},"end":{"line":442,"column":16996}},"37":{"start":{"line":448,"column":16},"end":{"line":448,"column":17269}},"38":{"start":{"line":466,"column":8},"end":{"line":466,"column":17737}},"39":{"start":{"line":467,"column":12},"end":{"line":467,"column":55}},"40":{"start":{"line":486,"column":8},"end":{"line":486,"column":35}},"41":{"start":{"line":487,"column":8},"end":{"line":487,"column":24}},"42":{"start":{"line":488,"column":8},"end":{"line":488,"column":35}},"43":{"start":{"line":491,"column":8},"end":{"line":491,"column":42}},"44":{"start":{"line":492,"column":8},"end":{"line":492,"column":18801}},"45":{"start":{"line":494,"column":12},"end":{"line":494,"column":18897}},"46":{"start":{"line":499,"column":12},"end":{"line":499,"column":19098}},"47":{"start":{"line":503,"column":16},"end":{"line":503,"column":19244}},"48":{"start":{"line":533,"column":8},"end":{"line":533,"column":35}},"49":{"start":{"line":534,"column":8},"end":{"line":534,"column":24}},"50":{"start":{"line":535,"column":8},"end":{"line":535,"column":35}},"51":{"start":{"line":538,"column":8},"end":{"line":538,"column":42}},"52":{"start":{"line":539,"column":8},"end":{"line":539,"column":20572}},"53":{"start":{"line":541,"column":12},"end":{"line":541,"column":20668}},"54":{"start":{"line":546,"column":12},"end":{"line":546,"column":20874}},"55":{"start":{"line":550,"column":16},"end":{"line":550,"column":21020}},"56":{"start":{"line":581,"column":8},"end":{"line":581,"column":42}},"57":{"start":{"line":582,"column":8},"end":{"line":582,"column":22194}},"58":{"start":{"line":583,"column":12},"end":{"line":583,"column":30}},"59":{"start":{"line":587,"column":16},"end":{"line":587,"column":43}},"60":{"start":{"line":588,"column":16},"end":{"line":588,"column":22459}},"61":{"start":{"line":592,"column":16},"end":{"line":592,"column":22590}},"62":{"start":{"line":601,"column":12},"end":{"line":601,"column":22844}},"63":{"start":{"line":603,"column":16},"end":{"line":603,"column":22990}},"64":{"start":{"line":632,"column":12},"end":{"line":632,"column":37}},"65":{"start":{"line":633,"column":12},"end":{"line":633,"column":28}},"66":{"start":{"line":634,"column":12},"end":{"line":634,"column":39}},"67":{"start":{"line":637,"column":12},"end":{"line":637,"column":61}},"68":{"start":{"line":638,"column":12},"end":{"line":638,"column":24320}},"69":{"start":{"line":640,"column":16},"end":{"line":640,"column":24428}},"70":{"start":{"line":649,"column":16},"end":{"line":649,"column":24768}},"71":{"start":{"line":655,"column":20},"end":{"line":655,"column":25080}},"72":{"start":{"line":674,"column":12},"end":{"line":674,"column":25674}},"73":{"start":{"line":675,"column":16},"end":{"line":675,"column":68}},"74":{"start":{"line":680,"column":12},"end":{"line":680,"column":61}},"75":{"start":{"line":681,"column":12},"end":{"line":681,"column":25915}},"76":{"start":{"line":682,"column":16},"end":{"line":682,"column":34}},"77":{"start":{"line":686,"column":20},"end":{"line":686,"column":47}},"78":{"start":{"line":687,"column":20},"end":{"line":687,"column":26149}},"79":{"start":{"line":694,"column":20},"end":{"line":694,"column":26456}},"80":{"start":{"line":703,"column":16},"end":{"line":703,"column":26742}},"81":{"start":{"line":705,"column":20},"end":{"line":705,"column":26915}},"82":{"start":{"line":739,"column":12},"end":{"line":739,"column":46}},"83":{"start":{"line":740,"column":12},"end":{"line":740,"column":28}},"84":{"start":{"line":741,"column":12},"end":{"line":741,"column":39}},"85":{"start":{"line":744,"column":12},"end":{"line":744,"column":61}},"86":{"start":{"line":745,"column":12},"end":{"line":745,"column":28466}},"87":{"start":{"line":747,"column":16},"end":{"line":747,"column":28639}},"88":{"start":{"line":753,"column":16},"end":{"line":753,"column":28847}},"89":{"start":{"line":757,"column":20},"end":{"line":757,"column":29024}},"90":{"start":{"line":776,"column":12},"end":{"line":776,"column":61}},"91":{"start":{"line":777,"column":12},"end":{"line":777,"column":29665}},"92":{"start":{"line":778,"column":16},"end":{"line":778,"column":34}},"93":{"start":{"line":782,"column":20},"end":{"line":782,"column":47}},"94":{"start":{"line":783,"column":20},"end":{"line":783,"column":29899}},"95":{"start":{"line":790,"column":20},"end":{"line":790,"column":30206}},"96":{"start":{"line":799,"column":16},"end":{"line":799,"column":30492}},"97":{"start":{"line":801,"column":20},"end":{"line":801,"column":30665}},"98":{"start":{"line":844,"column":8},"end":{"line":844,"column":63}},"99":{"start":{"line":847,"column":8},"end":{"line":847,"column":32114}},"100":{"start":{"line":855,"column":8},"end":{"line":855,"column":47}},"101":{"start":{"line":875,"column":8},"end":{"line":875,"column":63}},"102":{"start":{"line":878,"column":8},"end":{"line":878,"column":41}},"103":{"start":{"line":889,"column":8},"end":{"line":889,"column":62}},"104":{"start":{"line":906,"column":8},"end":{"line":906,"column":35}},"105":{"start":{"line":908,"column":8},"end":{"line":908,"column":24}},"106":{"start":{"line":909,"column":8},"end":{"line":909,"column":35}},"107":{"start":{"line":912,"column":8},"end":{"line":912,"column":42}},"108":{"start":{"line":913,"column":8},"end":{"line":913,"column":34307}},"109":{"start":{"line":915,"column":12},"end":{"line":915,"column":34495}},"110":{"start":{"line":920,"column":12},"end":{"line":920,"column":76}},"111":{"start":{"line":924,"column":12},"end":{"line":924,"column":34877}},"112":{"start":{"line":940,"column":8},"end":{"line":940,"column":35263}},"113":{"start":{"line":941,"column":12},"end":{"line":941,"column":55}},"114":{"start":{"line":959,"column":8},"end":{"line":959,"column":35}},"115":{"start":{"line":961,"column":8},"end":{"line":961,"column":24}},"116":{"start":{"line":962,"column":8},"end":{"line":962,"column":35}},"117":{"start":{"line":965,"column":8},"end":{"line":965,"column":42}},"118":{"start":{"line":966,"column":8},"end":{"line":966,"column":36173}},"119":{"start":{"line":968,"column":12},"end":{"line":968,"column":36361}},"120":{"start":{"line":973,"column":12},"end":{"line":973,"column":76}},"121":{"start":{"line":977,"column":12},"end":{"line":977,"column":36749}},"122":{"start":{"line":993,"column":8},"end":{"line":993,"column":37138}},"123":{"start":{"line":994,"column":12},"end":{"line":994,"column":55}},"124":{"start":{"line":1014,"column":8},"end":{"line":1014,"column":35}},"125":{"start":{"line":1017,"column":8},"end":{"line":1017,"column":42}},"126":{"start":{"line":1018,"column":8},"end":{"line":1018,"column":38255}},"127":{"start":{"line":1022,"column":12},"end":{"line":1022,"column":38544}},"128":{"start":{"line":1052,"column":8},"end":{"line":1052,"column":35}},"129":{"start":{"line":1055,"column":8},"end":{"line":1055,"column":42}},"130":{"start":{"line":1056,"column":8
[...]
line":140,"column":4}}},"9":{"name":"supportsInterface","line":146,"loc":{"start":{"line":146,"column":4},"end":{"line":151,"column":4}}},"10":{"name":"_mint","line":157,"loc":{"start":{"line":157,"column":4},"end":{"line":170,"column":4}}},"11":{"name":"_burn","line":172,"loc":{"start":{"line":172,"column":4},"end":{"line":187,"column":4}}},"12":{"name":"_safeMint","line":193,"loc":{"start":{"line":193,"column":4},"end":{"line":202,"column":4}}},"13":{"name":"_safeMint","line":204,"loc":{"start":{"line":204,"column":4},"end":{"line":217,"column":4}}},"14":{"name":"onERC721Received","line":223,"loc":{"start":{"line":223,"column":4},"end":{"line":230,"column":4}}}},"statementMap":{"1":{"start":{"line":36,"column":8},"end":{"line":36,"column":66}},"2":{"start":{"line":40,"column":8},"end":{"line":40,"column":51}},"3":{"start":{"line":42,"column":8},"end":{"line":42,"column":32}},"4":{"start":{"line":58,"column":8},"end":{"line":58,"column":19}},"5":{"start":{"line":59,"column":8},"end":{"line":59,"column":23}},"6":{"start":{"line":67,"column":8},"end":{"line":67,"column":36}},"7":{"start":{"line":69,"column":8},"end":{"line":69,"column":92}},"8":{"start":{"line":71,"column":8},"end":{"line":71,"column":32}},"9":{"start":{"line":73,"column":8},"end":{"line":73,"column":41}},"10":{"start":{"line":77,"column":8},"end":{"line":77,"column":56}},"11":{"start":{"line":79,"column":8},"end":{"line":79,"column":59}},"12":{"start":{"line":87,"column":8},"end":{"line":87,"column":50}},"13":{"start":{"line":89,"column":8},"end":{"line":89,"column":53}},"14":{"start":{"line":91,"column":8},"end":{"line":91,"column":3185}},"15":{"start":{"line":104,"column":8},"end":{"line":104,"column":24}},"16":{"start":{"line":108,"column":8},"end":{"line":108,"column":35}},"17":{"start":{"line":116,"column":8},"end":{"line":116,"column":33}},"18":{"start":{"line":118,"column":8},"end":{"line":118,"column":3862}},"19":{"start":{"line":132,"column":8},"end":{"line":132,"column":33}},"20":{"start":{"line":134,"column":8},"end":{"line":134,"column":4293}},"21":{"start":{"line":147,"column":8},"end":{"line":147,"column":4844}},"22":{"start":{"line":158,"column":8},"end":{"line":158,"column":53}},"23":{"start":{"line":160,"column":8},"end":{"line":160,"column":60}},"24":{"start":{"line":167,"column":8},"end":{"line":167,"column":24}},"25":{"start":{"line":169,"column":8},"end":{"line":169,"column":41}},"26":{"start":{"line":173,"column":8},"end":{"line":173,"column":36}},"27":{"start":{"line":175,"column":8},"end":{"line":175,"column":49}},"28":{"start":{"line":186,"column":8},"end":{"line":186,"column":44}},"29":{"start":{"line":194,"column":8},"end":{"line":194,"column":20}},"30":{"start":{"line":196,"column":8},"end":{"line":196,"column":6288}},"31":{"start":{"line":209,"column":8},"end":{"line":209,"column":20}},"32":{"start":{"line":211,"column":8},"end":{"line":211,"column":6683}},"33":{"start":{"line":229,"column":8},"end":{"line":229,"column":60}}},"branchMap":{"1":{"line":36,"type":"if","locations":[{"start":{"line":36,"column":8},"end":{"line":36,"column":8}},{"start":{"line":36,"column":8},"end":{"line":36,"column":8}}]},"2":{"line":40,"type":"if","locations":[{"start":{"line":40,"column":8},"end":{"line":40,"column":8}},{"start":{"line":40,"column":8},"end":{"line":40,"column":8}}]},"3":{"line":69,"type":"if","locations":[{"start":{"line":69,"column":8},"end":{"line":69,"column":8}},{"start":{"line":69,"column":8},"end":{"line":69,"column":8}}]},"4":{"line":87,"type":"if","locations":[{"start":{"line":87,"column":8},"end":{"line":87,"column":8}},{"start":{"line":87,"column":8},"end":{"line":87,"column":8}}]},"5":{"line":89,"type":"if","locations":[{"start":{"line":89,"column":8},"end":{"line":89,"column":8}},{"start":{"line":89,"column":8},"end":{"line":89,"column":8}}]},"6":{"line":91,"type":"if","locations":[{"start":{"line":91,"column":8},"end":{"line":91,"column":8}},{"start":{"line":91,"column":8},"end":{"line":91,"column":8}}]},"7":{"line":118,"type":"if","locations":[{"start":{"line":118,"column":8},"end":{"line":118,"column":8}},{"start":{"line":118,"column":8},"end":{"line":118,"column":8}}]},"8":{"line":134,"type":"if","locations":[{"start":{"line":134,"column":8},"end":{"line":134,"column":8}},{"start":{"line":134,"column":8},"end":{"line":134,"column":8}}]},"9":{"line":158,"type":"if","locations":[{"start":{"line":158,"column":8},"end":{"line":158,"column":8}},{"start":{"line":158,"column":8},"end":{"line":158,"column":8}}]},"10":{"line":160,"type":"if","locations":[{"start":{"line":160,"column":8},"end":{"line":160,"column":8}},{"start":{"line":160,"column":8},"end":{"line":160,"column":8}}]},"11":{"line":175,"type":"if","locations":[{"start":{"line":175,"column":8},"end":{"line":175,"column":8}},{"start":{"line":175,"column":8},"end":{"line":175,"column":8}}]},"12":{"line":196,"type":"if","locations":[{"start":{"line":196,"column":8},"end":{"line":196,"column":8}},{"start":{"line":196,"column":8},"end":{"line":196,"column":8}}]},"13":{"line":211,"type":"if","locations":[{"start":{"line":211,"column":8},"end":{"line":211,"column":8}},{"start":{"line":211,"column":8},"end":{"line":211,"column":8}}]}}},
"contracts/solmate/tokens/WETH.sol":{"l":{"19":0,"21":0,"25":0,"27":0,"29":0,"33":0},"path":"/Users/obinnaoparaocha/Documents/GitHub/solidity_by_wisdom/contracts/solmate/tokens/WETH.sol","s":{"1":0,"2":0,"3":0,"4":0,"5":0},"b":{},"f":{"1":0,"2":0},"fnMap":{"1":{"name":"deposit","line":18,"loc":{"start":{"line":18,"column":4},"end":{"line":22,"column":4}}},"2":{"name":"withdraw","line":24,"loc":{"start":{"line":24,"column":4},"end":{"line":30,"column":4}}}},"statementMap":{"1":{"start":{"line":19,"column":8},"end":{"line":19,"column":35}},"2":{"start":{"line":21,"column":8},"end":{"line":21,"column":43}},"3":{"start":{"line":25,"column":8},"end":{"line":25,"column":32}},"4":{"start":{"line":27,"column":8},"end":{"line":27,"column":43}},"5":{"start":{"line":29,"column":8},"end":{"line":29,"column":41}}},"branchMap":{}},
"contracts/solmate/utils/Bytes32AddressLib.sol":{"l":{"8":0,"12":0},"path":"/Users/obinnaoparaocha/Documents/GitHub/solidity_by_wisdom/contracts/solmate/utils/Bytes32AddressLib.sol","s":{"1":0,"2":0},"b":{},"f":{"1":0,"2":0},"fnMap":{"1":{"name":"fromLast20Bytes","line":7,"loc":{"start":{"line":7,"column":4},"end":{"line":9,"column":4}}},"2":{"name":"fillLast12Bytes","line":11,"loc":{"start":{"line":11,"column":4},"end":{"line":13,"column":4}}}},"statementMap":{"1":{"start":{"line":8,"column":8},"end":{"line":8,"column":52}},"2":{"start":{"line":12,"column":8},"end":{"line":12,"column":45}}},"branchMap":{}},
"contracts/solmate/utils/CREATE3.sol":{"l":{"42":0,"44":0,"45":0,"50":0,"52":0,"53":0,"54":0,"58":0,"71":0},"path":"/Users/obinnaoparaocha/Documents/GitHub/solidity_by_wisdom/contracts/solmate/utils/CREATE3.sol","s":{"1":0,"2":0,"3":0,"4":0,"5":0,"6":0,"7":0,"8":0},"b":{"1":[0,0],"2":[0,0]},"f":{"1":0,"2":0},"fnMap":{"1":{"name":"deploy","line":37,"loc":{"start":{"line":37,"column":4},"end":{"line":55,"column":4}}},"2":{"name":"getDeployed","line":57,"loc":{"start":{"line":57,"column":4},"end":{"line":81,"column":4}}}},"statementMap":{"1":{"start":{"line":42,"column":8},"end":{"line":42,"column":56}},"2":{"start":{"line":44,"column":8},"end":{"line":44,"column":21}},"3":{"start":{"line":50,"column":8},"end":{"line":50,"column":56}},"4":{"start":{"line":52,"column":8},"end":{"line":52,"column":35}},"5":{"start":{"line":53,"column":8},"end":{"line":53,"column":65}},"6":{"start":{"line":54,"column":8},"end":{"line":54,"column":77}},"7":{"start":{"line":58,"column":8},"end":{"line":58,"column":3387}},"8":{"start":{"line":71,"column":8},"end":{"line":71,"column":3733}}},"branchMap":{"1":{"line":50,"type":"if","locations":[{"start":{"line":50,"column":8},"end":{"line":50,"column":8}},{"start":{"line":50,"column":8},"end":{"line":50,"column":8}}]},"2":{"line":54,"type":"if","locations":[{"start":{"line":54,"column":8},"end":{"line":54,"column":8}},{"start":{"line":54,"column":8},"end":{"line":54,"column":8}}]}}},
"contracts/solmate/utils/FixedPointMathLib.sol":{"l":{"29":0,"53":0,"79":0,"87":0,"95":0,"97":0,"98":0,"157":0,"158":0,"159":0,"160":0,"161":0,"162":0,"165":0,"170":0,"174":0,"178":0,"182":0},"path":"/Users/obinnaoparaocha/Documents/GitHub/solidity_by_wisdom/contracts/solmate/utils/FixedPointMathLib.sol","s":{"1":0,"2":0,"3":0,"4":0,"5":0,"6":0,"7":0,"8":0,"9":0,"10":0,"11":0,"12":0,"13":0,"14":0,"15":0},"b":{"1":[0,0],"2":[0,0]},"f":{"1":0,"2":0,"3":0,"4":0,"5":0,"6":0,"7":0,"8":0,"9":0,"10":0},"fnMap":{"1":{"name":"mulDivDown","line":24,"loc":{"start":{"line":24,"column":4},"end":{"line":46,"column":4}}},"2":{"name":"mulDivUp","line":48,"loc":{"start":{"line":48,"column":4},"end":{"line":72,"column":4}}},"3":{"name":"fmul","line":74,"loc":{"start":{"line":74,"column":4},"end":{"line":80,"column":4}}},"4":{"name":"fdiv","line":82,"loc":{"start":{"line":82,"column":4},"end":{"line":88,"column":4}}},"5":{"name":"fpow","line":90,"loc":{"start":{"line":90,"column":4},"end":{"line":150,"column":4}}},"6":{"name":"sqrt","line":156,"loc":{"start":{"line":156,"column":4},"end":{"line":167,"column":4}}},"7":{"name":"min","line":169,"loc":{"start":{"line":169,"column":4},"end":{"line":171,"column":4}}},"8":{"name":"max","line":173,"loc":{"start":{"line":173,"column":4},"end":{"line":175,"column":4}}},"9":{"name":"imin","line":177,"loc":{"start":{"line":177,"column":4},"end":{"line":179,"column":4}}},"10":{"name":"imax","line":181,"loc":{"start":{"line":181,"column":4},"end":{"line":183,"column":4}}}},"statementMap":{"1":{"start":{"line":79,"column":8},"end":{"line":79,"column":33}},"2":{"start":{"line":87,"column":8},"end":{"line":87,"column":33}},"3":{"start":{"line":95,"column":8},"end":{"line":95,"column":32}},"4":{"start":{"line":157,"column":8},"end":{"line":157,"column":5008}},"5":{"start":{"line":158,"column":12},"end":{"line":158,"column":16}},"6":{"start":{"line":159,"column":12},"end":{"line":159,"column":33}},"7":{"start":{"line":160,"column":12},"end":{"line":160,"column":5091}},"8":{"start":{"line":161,"column":16},"end":{"line":161,"column":20}},"9":{"start":{"line":162,"column":16},"end":{"line":162,"column":34}},"10":{"start":{"line":164,"column":15},"end":{"line":164,"column":5192}},"11":{"start":{"line":165,"column":12},"end":{"line":165,"column":16}},"12":{"start":{"line":170,"column":8},"end":{"line":170,"column":29}},"13":{"start":{"line":174,"column":8},"end":{"line":174,"column":29}},"14":{"start":{"line":178,"column":8},"end":{"line":178,"column":29}},"15":{"start":{"line":182,"column":8},"end":{"line":182,"column":29}}},"branchMap":{"1":{"line":157,"type":"if","locations":[{"start":{"line":157,"column":8},"end":{"line":157,"column":8}},{"start":{"line":157,"column":8},"end":{"line":157,"column":8}}]},"2":{"line":164,"type":"if","locations":[{"start":{"line":164,"column":15},"end":{"line":164,"column":15}},{"start":{"line":164,"column":15},"end":{"line":164,"column":15}}]}}},
"contracts/solmate/utils/ReentrancyGuard.sol":{"l":{"11":0,"13":0,"15":0,"17":0},"path":"/Users/obinnaoparaocha/Documents/GitHub/solidity_by_wisdom/contracts/solmate/utils/ReentrancyGuard.sol","s":{"1":0,"2":0,"3":0},"b":{"1":[0,0]},"f":{"1":0},"fnMap":{"1":{"name":"nonReentrant","line":10,"loc":{"start":{"line":10,"column":4},"end":{"line":18,"column":4}}}},"statementMap":{"1":{"start":{"line":11,"column":8},"end":{"line":11,"column":41}},"2":{"start":{"line":13,"column":8},"end":{"line":13,"column":17}},"3":{"start":{"line":17,"column":8},"end":{"line":17,"column":17}}},"branchMap":{"1":{"line":11,"type":"if","locations":[{"start":{"line":11,"column":8},"end":{"line":11,"column":8}},{"start":{"line":11,"column":8},"end":{"line":11,"column":8}}]}}},
"contracts/solmate/utils/SafeCastLib.sol":{"l":{"9":0,"11":0,"15":0,"17":0,"21":0,"23":0,"27":0,"29":0,"33":0,"35":0,"39":0,"41":0,"45":0,"47":0,"51":0,"53":0,"57":0,"59":0},"path":"/Users/obinnaoparaocha/Documents/GitHub/solidity_by_wisdom/contracts/solmate/utils/SafeCastLib.sol","s":{"1":0,"2":0,"3":0,"4":0,"5":0,"6":0,"7":0,"8":0,"9":0,"10":0,"11":0,"12":0,"13":0,"14":0,"15":0,"16":0,"17":0,"18":0},"b":{"1":[0,0],"2":[0,0],"3":[0,0],"4":[0,0],"5":[0,0],"6":[0,0],"7":[0,0],"8":[0,0],"9":[0,0]},"f":{"1":0,"2":0,"3":0,"4":0,"5":0,"6":0,"7":0,"8":0,"9":0},"fnMap":{"1":{"name":"safeCastTo248","line":8,"loc":{"start":{"line":8,"column":4},"end":{"line":12,"column":4}}},"2":{"name":"safeCastTo224","line":14,"loc":{"start":{"line":14,"column":4},"end":{"line":18,"column":4}}},"3":{"name":"safeCastTo192","line":20,"loc":{"start":{"line":20,"column":4},"end":{"line":24,"column":4}}},"4":{"name":"safeCastTo160","line":26,"loc":{"start":{"line":26,"column":4},"end":{"line":30,"column":4}}},"5":{"name":"safeCastTo128","line":32,"loc":{"start":{"line":32,"column":4},"end":{"line":36,"column":4}}},"6":{"name":"safeCastTo96","line":38,"loc":{"start":{"line":38,"column":4},"end":{"line":42,"column":4}}},"7":{"name":"safeCastTo64","line":44,"loc":{"start":{"line":44,"column":4},"end":{"line":48,"column":4}}},"8":{"name":"safeCastTo32","line":50,"loc":{"start":{"line":50,"column":4},"end":{"line":54,"column":4}}},"9":{"name":"safeCastTo8","line":56,"loc":{"start":{"line":56,"column":4},"end":{"line":60,"column":4}}}},"statementMap":{"1":{"start":{"line":9,"column":8},"end":{"line":9,"column":28}},"2":{"start":{"line":11,"column":8},"end":{"line":11,"column":21}},"3":{"start":{"line":15,"column":8},"end":{"line":15,"column":28}},"4":{"start":{"line":17,"column":8},"end":{"line":17,"column":21}},"5":{"start":{"line":21,"column":8},"end":{"line":21,"column":28}},"6":{"start":{"line":23,"column":8},"end":{"line":23,"column":21}},"7":{"start":{"line":27,"column":8},"end":{"line":27,"column":28}},"8":{"start":{"line":29,"column":8},"end":{"line":29,"column":21}},"9":{"start":{"line":33,"column":8},"end":{"line":33,"column":28}},"10":{"start":{"line":35,"column":8},"end":{"line":35,"column":21}},"11":{"start":{"line":39,"column":8},"end":{"line":39,"column":27}},"12":{"start":{"line":41,"column":8},"end":{"line":41,"column":20}},"13":{"start":{"line":45,"column":8},"end":{"line":45,"column":27}},"14":{"start":{"line":47,"column":8},"end":{"line":47,"column":20}},"15":{"start":{"line":51,"column":8},"end":{"line":51,"column":27}},"16":{"start":{"line":53,"column":8},"end":{"line":53,"column":20}},"17":{"start":{"line":57,"column":8},"end":{"line":57,"column":26}},"18":{"start":{"line":59,"column":8},"end":{"line":59,"column":19}}},"branchMap":{"1":{"line":9,"type":"if","locations":[{"start":{"line":9,"column":8},"end":{"line":9,"column":8}},{"start":{"line":9,"column":8},"end":{"line":9,"column":8}}]},"2":{"line":15,"type":"if","locations":[{"start":{"line":15,"column":8},"end":{"line":15,"column":8}},{"start":{"line":15,"column":8},"end":{"line":15,"column":8}}]},"3":{"line":21,"type":"if","locations":[{"start":{"line":21,"column":8},"end":{"line":21,"column":8}},{"start":{"line":21,"column":8},"end":{"line":21,"column":8}}]},"4":{"line":27,"type":"if","locations":[{"start":{"line":27,"column":8},"end":{"line":27,"column":8}},{"start":{"line":27,"column":8},"end":{"line":27,"column":8}}]},"5":{"line":33,"type":"if","locations":[{"start":{"line":33,"column":8},"end":{"line":33,"column":8}},{"start":{"line":33,"column":8},"end":{"line":33,"column":8}}]},"6":{"line":39,"type":"if","locations":[{"start":{"line":39,"column":8},"end":{"line":39,"column":8}},{"start":{"line":39,"column":8},"end":{"line":39,"column":8}}]},"7":{"line":45,"type":"if","locations":[{"start":{"line":45,"column":8},"end":{"line":45,"column":8}},{"start":{"line":45,"column":8},"end":{"line":45,"column":8}}]},"8":{"line":51,"type":"if","locations":[{"start":{"line":51,"column":8},"end":{"line":51,"column":8}},{"start":{"line":51,"column":8},"end":{"line":51,"column":8}}]},"9":{"line":57,"type":"if","locations":[{"start":{"line":57,"column":8},"end":{"line":57,"column":8}},{"start":{"line":57,"column":8},"end":{"line":57,"column":8}}]}}},
"contracts/solmate/utils/SafeTransferLib.sol":{"l":{"16":0,"18":0,"23":0,"36":0,"38":0,"60":0,"68":0,"70":0,"91":0,"99":0,"101":0,"122":0},"path":"/Users/obinnaoparaocha/Documents/GitHub/solidity_by_wisdom/contracts/solmate/utils/SafeTransferLib.sol","s":{"1":0,"2":0,"3":0,"4":0,"5":0,"6":0,"7":0,"8":0},"b":{"1":[0,0],"2":[0,0],"3":[0,0],"4":[0,0]},"f":{"1":0,"2":0,"3":0,"4":0},"fnMap":{"1":{"name":"safeTransferETH","line":15,"loc":{"start":{"line":15,"column":4},"end":{"line":24,"column":4}}},"2":{"name":"safeTransferFrom","line":30,"loc":{"start":{"line":30,"column":4},"end":{"line":61,"column":4}}},"3":{"name":"safeTransfer","line":63,"loc":{"start":{"line":63,"column":4},"end":{"line":92,"column":4}}},"4":{"name":"safeApprove","line":94,"loc":{"start":{"line":94,"column":4},"end":{"line":123,"column":4}}}},"statementMap":{"1":{"start":{"line":16,"column":8},"end":{"line":16,"column":20}},"2":{"start":{"line":23,"column":8},"end":{"line":23,"column":46}},"3":{"start":{"line":36,"column":8},"end":{"line":36,"column":20}},"4":{"start":{"line":60,"column":8},"end":{"line":60,"column":47}},"5":{"start":{"line":68,"column":8},"end":{"line":68,"column":20}},"6":{"start":{"line":91,"column":8},"end":{"line":91,"column":42}},"7":{"start":{"line":99,"column":8},"end":{"line":99,"column":20}},"8":{"start":{"line":122,"column":8},"end":{"line":122,"column":41}}},"branchMap":{"1":{"line":23,"type":"if","locations":[{"start":{"line":23,"column":8},"end":{"line":23,"column":8}},{"start":{"line":23,"column":8},"end":{"line":23,"column":8}}]},"2":{"line":60,"type":"if","locations":[{"start":{"line":60,"column":8},"end":{"line":60,"column":8}},{"start":{"line":60,"column":8},"end":{"line":60,"column":8}}]},"3":{"line":91,"type":"if","locations":[{"start":{"line":91,"column":8},"end":{"line":91,"column":8}},{"start":{"line":91,"column":8},"end":{"line":91,"column":8}}]},"4":{"line":122,"type":"if","locations":[{"start":{"line":122,"column":8},"end":{"line":122,"column":8}},{"start":{"line":122,"column":8},"end":{"line":122,"column":8}}]}}},
"contracts/solmate/utils/SSTORE2.sol":{"l":{"16":0,"18":0,"37":0,"43":0,"51":0,"55":0,"57":0,"65":0,"66":0,"68":0,"70":0,"82":0},"path":"/Users/obinnaoparaocha/Documents/GitHub/solidity_by_wisdom/contracts/solmate/utils/SSTORE2.sol","s":{"1":0,"2":0,"3":0,"4":0,"5":0,"6":0,"7":0,"8":0,"9":0,"10":0},"b":{"1":[0,0],"2":[0,0]},"f":{"1":0,"2":0,"3":0,"4":0,"5":0},"fnMap":{"1":{"name":"write","line":14,"loc":{"start":{"line":14,"column":4},"end":{"line":44,"column":4}}},"2":{"name":"read","line":50,"loc":{"start":{"line":50,"column":4},"end":{"line":52,"column":4}}},"3":{"name":"read","line":54,"loc":{"start":{"line":54,"column":4},"end":{"line":58,"column":4}}},"4":{"name":"read","line":60,"loc":{"start":{"line":60,"column":4},"end":{"line":71,"column":4}}},"5":{"name":"readBytecode","line":77,"loc":{"start":{"line":77,"column":4},"end":{"line":98,"column":4}}}},"statementMap":{"1":{"start":{"line":16,"column":8},"end":{"line":16,"column":66}},"2":{"start":{"line":18,"column":8},"end":{"line":18,"column":931}},"3":{"start":{"line":43,"column":8},"end":{"line":43,"column":58}},"4":{"start":{"line":51,"column":8},"end":{"line":51,"column":84}},"5":{"start":{"line":55,"column":8},"end":{"line":55,"column":27}},"6":{"start":{"line":57,"column":8},"end":{"line":57,"column":72}},"7":{"start":{"line":65,"column":8},"end":{"line":65,"column":27}},"8":{"start":{"line":66,"column":8},"end":{"line":66,"column":25}},"9":{"start":{"line":68,"column":8},"end":{"line":68,"column":59}},"10":{"start":{"line":70,"column":8},"end":{"line":70,"column":56}}},"branchMap":{"1":{"line":43,"type":"if","locations":[{"start":{"line":43,"column":8},"end":{"line":43,"column":8}},{"start":{"line":43,"column":8},"end":{"line":43,"column":8}}]},"2":{"line":68,"type":"if","locations":[{"start":{"line":68,"column":8},"end":{"line":68,"column":8}},{"start":{"line":68,"column":8},"end":{"line":68,"column":8}}]}}}}
