TN:
SF:/Users/obinnaoparaocha/Documents/GitHub/solidity_by_wisdom/contracts/bonding-curves/CurveErrorCodes.sol
FNF:0
FNH:0
LF:0
LH:0
BRF:0
BRH:0
end_of_record
TN:
SF:/Users/obinnaoparaocha/Documents/GitHub/solidity_by_wisdom/contracts/bonding-curves/ExponentialCurve.sol
FN:21,validateDelta
FN:33,validateSpotPrice
FN:45,getBuyInfo
FN:131,getSellInfo
FNF:4
FNH:0
FNDA:0,validateDelta
FNDA:0,validateSpotPrice
FNDA:0,getBuyInfo
FNDA:0,getSellInfo
DA:27,0
DA:39,0
DA:65,0
DA:66,0
DA:69,0
DA:75,0
DA:79,0
DA:80,0
DA:82,0
DA:90,0
DA:98,0
DA:107,0
DA:113,0
DA:116,0
DA:119,0
DA:122,0
DA:152,0
DA:153,0
DA:156,0
DA:160,0
DA:165,0
DA:168,0
DA:169,0
DA:175,0
DA:184,0
DA:190,0
DA:193,0
DA:196,0
DA:199,0
LF:29
LH:0
BRDA:65,1,0,0
BRDA:65,1,1,0
BRDA:79,2,0,0
BRDA:79,2,1,0
BRDA:152,3,0,0
BRDA:152,3,1,0
BRDA:168,4,0,0
BRDA:168,4,1,0
BRF:8
BRH:0
end_of_record
TN:
SF:/Users/obinnaoparaocha/Documents/GitHub/solidity_by_wisdom/contracts/bonding-curves/ICurve.sol
FNF:0
FNH:0
LF:0
LH:0
BRF:0
BRH:0
end_of_record
TN:
SF:/Users/obinnaoparaocha/Documents/GitHub/solidity_by_wisdom/contracts/bonding-curves/LinearCurve.sol
FN:18,validateDelta
FN:28,validateSpotPrice
FN:38,getBuyInfo
FN:108,getSellInfo
FNF:4
FNH:0
FNDA:0,validateDelta
FNDA:0,validateSpotPrice
FNDA:0,getBuyInfo
FNDA:0,getSellInfo
DA:22,0
DA:32,0
DA:57,0
DA:58,0
DA:62,0
DA:63,0
DA:64,0
DA:66,0
DA:74,0
DA:80,0
DA:87,0
DA:93,0
DA:96,0
DA:99,0
DA:102,0
DA:127,0
DA:128,0
DA:132,0
DA:135,0
DA:137,0
DA:140,0
DA:141,0
DA:147,0
DA:153,0
DA:160,0
DA:166,0
DA:169,0
DA:172,0
DA:175,0
LF:29
LH:0
BRDA:57,1,0,0
BRDA:57,1,1,0
BRDA:63,2,0,0
BRDA:63,2,1,0
BRDA:127,3,0,0
BRDA:127,3,1,0
BRDA:135,4,0,0
BRDA:135,4,1,0
BRF:8
BRH:0
end_of_record
TN:
SF:/Users/obinnaoparaocha/Documents/GitHub/solidity_by_wisdom/contracts/ILSSVMPairFactoryLike.sol
FNF:0
FNH:0
LF:0
LH:0
BRF:0
BRH:0
end_of_record
TN:
SF:/Users/obinnaoparaocha/Documents/GitHub/solidity_by_wisdom/contracts/lib/IOwnershipTransferCallback.sol
FNF:0
FNH:0
LF:0
LH:0
BRF:0
BRH:0
end_of_record
TN:
SF:/Users/obinnaoparaocha/Documents/GitHub/solidity_by_wisdom/contracts/lib/LSSVMPairCloner.sol
FN:21,cloneETHPair
FN:111,cloneERC20Pair
FN:203,isETHPairClone
FN:242,isERC20PairClone
FNF:4
FNH:0
FNDA:0,cloneETHPair
FNDA:0,cloneERC20Pair
FNDA:0,isETHPairClone
FNDA:0,isERC20PairClone
DA:28,0
DA:119,0
DA:209,0
DA:248,0
LF:4
LH:0
BRF:0
BRH:0
end_of_record
TN:
SF:/Users/obinnaoparaocha/Documents/GitHub/solidity_by_wisdom/contracts/lib/OwnableWithTransferCallback.sol
FN:24,__Ownable_init
FN:29,owner
FN:34,onlyOwner
FN:43,transferOwnership
FN:58,_transferOwnership
FNF:5
FNH:0
FNDA:0,__Ownable_init
FNDA:0,owner
FNDA:0,onlyOwner
FNDA:0,transferOwnership
FNDA:0,_transferOwnership
DA:25,0
DA:30,0
DA:35,0
DA:36,0
DA:44,0
DA:45,0
DA:49,0
DA:50,0
DA:59,0
DA:60,0
LF:10
LH:0
BRDA:35,1,0,0
BRDA:35,1,1,0
BRDA:44,2,0,0
BRDA:44,2,1,0
BRDA:49,3,0,0
BRDA:49,3,1,0
BRF:6
BRH:0
end_of_record
TN:
SF:/Users/obinnaoparaocha/Documents/GitHub/solidity_by_wisdom/contracts/lib/ReentrancyGuard.sol
FN:40,__ReentrancyGuard_init
FN:51,nonReentrant
FNF:2
FNH:0
FNDA:0,__ReentrancyGuard_init
FNDA:0,nonReentrant
DA:41,0
DA:53,0
DA:56,0
DA:58,0
DA:62,0
LF:5
LH:0
BRDA:53,1,0,0
BRDA:53,1,1,0
BRF:2
BRH:0
end_of_record
TN:
SF:/Users/obinnaoparaocha/Documents/GitHub/solidity_by_wisdom/contracts/LSSVMPair.sol
FN:77,initialize
FN:135,swapTokenForAnyNFTs
FN:199,swapTokenForSpecificNFTs
FN:257,swapNFTsForToken
FN:298,getBuyNFTQuote
FN:328,getSellNFTQuote
FN:368,factory
FN:381,bondingCurve
FN:394,nft
FN:407,poolType
FN:421,getAssetRecipient
FN:454,_calculateBuyInfoAndUpdatePoolParams
FN:514,_calculateSellInfoAndUpdatePoolParams
FN:647,_takeNFTsFromSender
FN:752,withdrawERC1155
FN:760,changeSpotPrice
FN:776,changeDelta
FN:794,changeFee
FN:811,changeAssetRecipient
FN:829,call
FN:845,multicall
FN:871,_getRevertMsg
FNF:22
FNH:0
FNDA:0,initialize
FNDA:0,swapTokenForAnyNFTs
FNDA:0,swapTokenForSpecificNFTs
FNDA:0,swapNFTsForToken
FNDA:0,getBuyNFTQuote
FNDA:0,getSellNFTQuote
FNDA:0,factory
FNDA:0,bondingCurve
FNDA:0,nft
FNDA:0,poolType
FNDA:0,getAssetRecipient
FNDA:0,_calculateBuyInfoAndUpdatePoolParams
FNDA:0,_calculateSellInfoAndUpdatePoolParams
FNDA:0,_takeNFTsFromSender
FNDA:0,withdrawERC1155
FNDA:0,changeSpotPrice
FNDA:0,changeDelta
FNDA:0,changeFee
FNDA:0,changeAssetRecipient
FNDA:0,call
FNDA:0,multicall
FNDA:0,_getRevertMsg
DA:84,0
DA:85,0
DA:86,0
DA:88,0
DA:89,0
DA:91,0
DA:92,0
DA:93,0
DA:95,0
DA:96,0
DA:100,0
DA:102,0
DA:103,0
DA:107,0
DA:108,0
DA:137,0
DA:138,0
DA:139,0
DA:142,0
DA:143,0
DA:144,0
DA:148,0
DA:155,0
DA:156,0
DA:163,0
DA:171,0
DA:173,0
DA:175,0
DA:201,0
DA:202,0
DA:205,0
DA:206,0
DA:207,0
DA:211,0
DA:215,0
DA:216,0
DA:223,0
DA:231,0
DA:233,0
DA:235,0
DA:259,0
DA:260,0
DA:263,0
DA:264,0
DA:265,0
DA:269,0
DA:273,0
DA:274,0
DA:281,0
DA:283,0
DA:285,0
DA:287,0
DA:309,0
DA:339,0
DA:369,0
DA:370,0
DA:382,0
DA:383,0
DA:395,0
DA:396,0
DA:408,0
DA:409,0
DA:428,0
DA:429,0
DA:434,0
DA:435,0
DA:437,0
DA:460,0
DA:462,0
DA:463,0
DA:464,0
DA:465,0
DA:466,0
DA:481,0
DA:482,0
DA:486,0
DA:489,0
DA:490,0
DA:491,0
DA:495,0
DA:496,0
DA:500,0
DA:501,0
DA:520,0
DA:522,0
DA:523,0
DA:524,0
DA:525,0
DA:526,0
DA:541,0
DA:542,0
DA:546,0
DA:552,0
DA:553,0
DA:554,0
DA:558,0
DA:559,0
DA:563,0
DA:564,0
DA:654,0
DA:655,0
DA:656,0
DA:658,0
DA:660,0
DA:661,0
DA:662,0
DA:666,0
DA:667,0
DA:668,0
DA:669,0
DA:677,0
DA:678,0
DA:681,0
DA:687,0
DA:694,0
DA:701,0
DA:702,0
DA:708,0
DA:709,0
DA:753,0
DA:761,0
DA:762,0
DA:766,0
DA:767,0
DA:768,0
DA:777,0
DA:778,0
DA:782,0
DA:783,0
DA:784,0
DA:795,0
DA:796,0
DA:797,0
DA:798,0
DA:799,0
DA:800,0
DA:813,0
DA:814,0
DA:815,0
DA:816,0
DA:817,0
DA:831,0
DA:832,0
DA:833,0
DA:834,0
DA:847,0
DA:848,0
DA:851,0
DA:852,0
DA:855,0
DA:856,0
DA:861,0
DA:877,0
DA:879,0
DA:883,0
LF:155
LH:0
BRDA:84,1,0,0
BRDA:84,1,1,0
BRDA:91,2,0,0
BRDA:91,2,1,0
BRDA:92,3,0,0
BRDA:92,3,1,0
BRDA:94,4,0,0
BRDA:94,4,1,0
BRDA:95,5,0,0
BRDA:95,5,1,0
BRDA:96,6,0,0
BRDA:96,6,1,0
BRDA:102,7,0,0
BRDA:102,7,1,0
BRDA:103,8,0,0
BRDA:103,8,1,0
BRDA:144,9,0,0
BRDA:144,9,1,0
BRDA:148,10,0,0
BRDA:148,10,1,0
BRDA:207,11,0,0
BRDA:207,11,1,0
BRDA:211,12,0,0
BRDA:211,12,1,0
BRDA:265,13,0,0
BRDA:265,13,1,0
BRDA:269,14,0,0
BRDA:269,14,1,0
BRDA:428,15,0,0
BRDA:428,15,1,0
BRDA:435,16,0,0
BRDA:435,16,1,0
BRDA:481,17,0,0
BRDA:481,17,1,0
BRDA:486,18,0,0
BRDA:486,18,1,0
BRDA:489,19,0,0
BRDA:489,19,1,0
BRDA:495,20,0,0
BRDA:495,20,1,0
BRDA:500,21,0,0
BRDA:500,21,1,0
BRDA:541,22,0,0
BRDA:541,22,1,0
BRDA:546,23,0,0
BRDA:546,23,1,0
BRDA:552,24,0,0
BRDA:552,24,1,0
BRDA:558,25,0,0
BRDA:558,25,1,0
BRDA:563,26,0,0
BRDA:563,26,1,0
BRDA:658,27,0,0
BRDA:658,27,1,0
BRDA:662,28,0,0
BRDA:662,28,1,0
BRDA:666,29,0,0
BRDA:666,29,1,0
BRDA:681,30,0,0
BRDA:681,30,1,0
BRDA:694,31,0,0
BRDA:694,31,1,0
BRDA:762,32,0,0
BRDA:762,32,1,0
BRDA:766,33,0,0
BRDA:766,33,1,0
BRDA:778,34,0,0
BRDA:778,34,1,0
BRDA:782,35,0,0
BRDA:782,35,1,0
BRDA:796,36,0,0
BRDA:796,36,1,0
BRDA:797,37,0,0
BRDA:797,37,1,0
BRDA:798,38,0,0
BRDA:798,38,1,0
BRDA:814,39,0,0
BRDA:814,39,1,0
BRDA:815,40,0,0
BRDA:815,40,1,0
BRDA:832,41,0,0
BRDA:832,41,1,0
BRDA:834,42,0,0
BRDA:834,42,1,0
BRDA:851,43,0,0
BRDA:851,43,1,0
BRDA:861,44,0,0
BRDA:861,44,1,0
BRDA:877,45,0,0
BRDA:877,45,1,0
BRF:90
BRH:0
end_of_record
TN:
SF:/Users/obinnaoparaocha/Documents/GitHub/solidity_by_wisdom/contracts/LSSVMPairEnumerable.sol
FN:16,_sendAnyNFTsToRecipient
FN:37,_sendSpecificNFTsToRecipient
FN:54,getAllHeldIds
FN:71,onERC721Received
FN:84,withdrawERC721
FNF:5
FNH:0
FNDA:0,_sendAnyNFTsToRecipient
FNDA:0,_sendSpecificNFTsToRecipient
FNDA:0,getAllHeldIds
FNDA:0,onERC721Received
FNDA:0,withdrawERC721
DA:23,0
DA:24,0
DA:25,0
DA:27,0
DA:29,0
DA:30,0
DA:31,0
DA:43,0
DA:44,0
DA:45,0
DA:47,0
DA:48,0
DA:55,0
DA:56,0
DA:57,0
DA:58,0
DA:59,0
DA:64,0
DA:65,0
DA:68,0
DA:77,0
DA:86,0
DA:87,0
DA:88,0
DA:90,0
DA:91,0
DA:95,0
LF:27
LH:0
BRF:0
BRH:0
end_of_record
TN:
SF:/Users/obinnaoparaocha/Documents/GitHub/solidity_by_wisdom/contracts/LSSVMPairEnumerableERC20.sol
FN:16,pairVariant
FNF:1
FNH:0
FNDA:0,pairVariant
DA:22,0
LF:1
LH:0
BRF:0
BRH:0
end_of_record
TN:
SF:/Users/obinnaoparaocha/Documents/GitHub/solidity_by_wisdom/contracts/LSSVMPairEnumerableETH.sol
FN:16,pairVariant
FNF:1
FNH:0
FNDA:0,pairVariant
DA:22,0
LF:1
LH:0
BRF:0
BRH:0
end_of_record
TN:
SF:/Users/obinnaoparaocha/Documents/GitHub/solidity_by_wisdom/contracts/LSSVMPairERC20.sol
FN:26,token
FN:37,_pullTokenInputAndPayProtocolFee
FN:106,_refundTokenToSender
FN:111,_payProtocolFeeFromPair
FN:131,_sendTokenOutput
FN:143,_immutableParamsLength
FN:151,withdrawERC20
FNF:7
FNH:0
FNDA:0,token
FNDA:0,_pullTokenInputAndPayProtocolFee
FNDA:0,_refundTokenToSender
FNDA:0,_payProtocolFeeFromPair
FNDA:0,_sendTokenOutput
FNDA:0,_immutableParamsLength
FNDA:0,withdrawERC20
DA:27,0
DA:28,0
DA:44,0
DA:46,0
DA:47,0
DA:49,0
DA:51,0
DA:54,0
DA:55,0
DA:56,0
DA:60,0
DA:61,0
DA:70,0
DA:76,0
DA:88,0
DA:95,0
DA:96,0
DA:116,0
DA:117,0
DA:120,0
DA:121,0
DA:122,0
DA:124,0
DA:125,0
DA:136,0
DA:137,0
DA:144,0
DA:153,0
DA:155,0
DA:157,0
LF:30
LH:0
BRDA:44,1,0,0
BRDA:44,1,1,0
BRDA:49,2,0,0
BRDA:49,2,1,0
BRDA:56,3,0,0
BRDA:56,3,1,0
BRDA:70,4,0,0
BRDA:70,4,1,0
BRDA:95,5,0,0
BRDA:95,5,1,0
BRDA:116,6,0,0
BRDA:116,6,1,0
BRDA:121,7,0,0
BRDA:121,7,1,0
BRDA:124,8,0,0
BRDA:124,8,1,0
BRDA:136,9,0,0
BRDA:136,9,1,0
BRDA:155,10,0,0
BRDA:155,10,1,0
BRF:20
BRH:0
end_of_record
TN:
SF:/Users/obinnaoparaocha/Documents/GitHub/solidity_by_wisdom/contracts/LSSVMPairETH.sol
FN:22,_pullTokenInputAndPayProtocolFee
FN:51,_refundTokenToSender
FN:59,_payProtocolFeeFromPair
FN:77,_sendTokenOutput
FN:89,_immutableParamsLength
FN:97,withdrawAllETH
FN:107,withdrawETH
FN:118,withdrawERC20
FN:135,
FNF:9
FNH:0
FNDA:0,_pullTokenInputAndPayProtocolFee
FNDA:0,_refundTokenToSender
FNDA:0,_payProtocolFeeFromPair
FNDA:0,_sendTokenOutput
FNDA:0,_immutableParamsLength
FNDA:0,withdrawAllETH
FNDA:0,withdrawETH
FNDA:0,withdrawERC20
FNDA:0,
DA:29,0
DA:32,0
DA:33,0
DA:34,0
DA:38,0
DA:40,0
DA:41,0
DA:44,0
DA:45,0
DA:53,0
DA:54,0
DA:64,0
DA:66,0
DA:67,0
DA:70,0
DA:71,0
DA:82,0
DA:83,0
DA:90,0
DA:98,0
DA:108,0
DA:111,0
DA:120,0
DA:128,0
DA:137,0
DA:138,0
LF:26
LH:0
BRDA:29,1,0,0
BRDA:29,1,1,0
BRDA:33,2,0,0
BRDA:33,2,1,0
BRDA:38,3,0,0
BRDA:38,3,1,0
BRDA:40,4,0,0
BRDA:40,4,1,0
BRDA:44,5,0,0
BRDA:44,5,1,0
BRDA:53,6,0,0
BRDA:53,6,1,0
BRDA:64,7,0,0
BRDA:64,7,1,0
BRDA:66,8,0,0
BRDA:66,8,1,0
BRDA:70,9,0,0
BRDA:70,9,1,0
BRDA:82,10,0,0
BRDA:82,10,1,0
BRDA:137,11,0,0
BRDA:137,11,1,0
BRF:22
BRH:0
end_of_record
TN:
SF:/Users/obinnaoparaocha/Documents/GitHub/solidity_by_wisdom/contracts/LSSVMPairFactory.sol
FN:64,constructor
FN:101,createPairETH
FN:177,createPairERC20
FN:227,isPair
FN:280,withdrawETHProtocolFees
FN:291,withdrawERC20ProtocolFees
FN:302,changeProtocolFeeRecipient
FN:315,changeProtocolFeeMultiplier
FN:329,setBondingCurveAllowed
FN:343,setCallAllowed
FN:364,setRouterAllowed
FN:382,_initializePairETH
FN:412,_initializePairERC20
FN:451,depositNFTs
FN:478,depositERC20
FNF:15
FNH:0
FNDA:0,constructor
FNDA:0,createPairETH
FNDA:0,createPairERC20
FNDA:0,isPair
FNDA:0,withdrawETHProtocolFees
FNDA:0,withdrawERC20ProtocolFees
FNDA:0,changeProtocolFeeRecipient
FNDA:0,changeProtocolFeeMultiplier
FNDA:0,setBondingCurveAllowed
FNDA:0,setCallAllowed
FNDA:0,setRouterAllowed
FNDA:0,_initializePairETH
FNDA:0,_initializePairERC20
FNDA:0,depositNFTs
FNDA:0,depositERC20
DA:72,0
DA:73,0
DA:74,0
DA:75,0
DA:76,0
DA:78,0
DA:79,0
DA:111,0
DA:117,0
DA:118,0
DA:119,0
DA:122,0
DA:125,0
DA:136,0
DA:145,0
DA:181,0
DA:187,0
DA:188,0
DA:189,0
DA:192,0
DA:195,0
DA:207,0
DA:218,0
DA:233,0
DA:234,0
DA:241,0
DA:248,0
DA:255,0
DA:263,0
DA:281,0
DA:293,0
DA:304,0
DA:305,0
DA:306,0
DA:317,0
DA:318,0
DA:319,0
DA:331,0
DA:332,0
DA:346,0
DA:347,0
DA:353,0
DA:354,0
DA:367,0
DA:368,0
DA:370,0
DA:375,0
DA:392,0
DA:395,0
DA:398,0
DA:399,0
DA:400,0
DA:406,0
DA:407,0
DA:424,0
DA:427,0
DA:434,0
DA:435,0
DA:436,0
DA:442,0
DA:443,0
DA:457,0
DA:458,0
DA:459,0
DA:461,0
DA:462,0
DA:465,0
DA:471,0
DA:483,0
DA:484,0
DA:488,0
DA:489,0
LF:72
LH:0
BRDA:78,1,0,0
BRDA:78,1,1,0
BRDA:111,2,0,0
BRDA:111,2,1,0
BRDA:181,3,0,0
BRDA:181,3,1,0
BRDA:233,4,0,0
BRDA:233,4,1,0
BRDA:240,5,0,0
BRDA:240,5,1,0
BRDA:247,6,0,0
BRDA:247,6,1,0
BRDA:254,7,0,0
BRDA:254,7,1,0
BRDA:304,8,0,0
BRDA:304,8,1,0
BRDA:317,9,0,0
BRDA:317,9,1,0
BRDA:346,10,0,0
BRDA:346,10,1,0
BRDA:347,11,0,0
BRDA:347,11,1,0
BRDA:367,12,0,0
BRDA:367,12,1,0
BRDA:368,13,0,0
BRDA:368,13,1,0
BRDA:465,14,0,0
BRDA:465,14,1,0
BRDA:484,15,0,0
BRDA:484,15,1,0
BRDA:488,16,0,0
BRDA:488,16,1,0
BRF:32
BRH:0
end_of_record
TN:
SF:/Users/obinnaoparaocha/Documents/GitHub/solidity_by_wisdom/contracts/LSSVMPairMissingEnumerable.sol
FN:21,_sendAnyNFTsToRecipient
FN:43,_sendSpecificNFTsToRecipient
FN:63,getAllHeldIds
FN:80,onERC721Received
FN:98,withdrawERC721
FNF:5
FNH:0
FNDA:0,_sendAnyNFTsToRecipient
FNDA:0,_sendSpecificNFTsToRecipient
FNDA:0,getAllHeldIds
FNDA:0,onERC721Received
FNDA:0,withdrawERC721
DA:29,0
DA:30,0
DA:31,0
DA:32,0
DA:33,0
DA:35,0
DA:36,0
DA:37,0
DA:50,0
DA:51,0
DA:52,0
DA:54,0
DA:56,0
DA:57,0
DA:64,0
DA:65,0
DA:66,0
DA:67,0
DA:69,0
DA:70,0
DA:73,0
DA:86,0
DA:88,0
DA:89,0
DA:91,0
DA:100,0
DA:101,0
DA:104,0
DA:105,0
DA:106,0
DA:108,0
DA:109,0
DA:115,0
DA:116,0
DA:117,0
DA:119,0
DA:120,0
DA:124,0
LF:38
LH:0
BRDA:88,1,0,0
BRDA:88,1,1,0
BRDA:104,2,0,0
BRDA:104,2,1,0
BRF:4
BRH:0
end_of_record
TN:
SF:/Users/obinnaoparaocha/Documents/GitHub/solidity_by_wisdom/contracts/LSSVMPairMissingEnumerableERC20.sol
FN:12,pairVariant
FNF:1
FNH:0
FNDA:0,pairVariant
DA:18,0
LF:1
LH:0
BRF:0
BRH:0
end_of_record
TN:
SF:/Users/obinnaoparaocha/Documents/GitHub/solidity_by_wisdom/contracts/LSSVMPairMissingEnumerableETH.sol
FN:12,pairVariant
FNF:1
FNH:0
FNDA:0,pairVariant
DA:18,0
LF:1
LH:0
BRF:0
BRH:0
end_of_record
TN:
SF:/Users/obinnaoparaocha/Documents/GitHub/solidity_by_wisdom/contracts/LSSVMRouter.sol
FN:58,checkDeadline
FN:65,constructor
FN:89,swapETHForAnyNFTs
FN:112,swapETHForSpecificNFTs
FN:140,swapNFTsForAnyNFTsThroughETH
FN:180,swapNFTsForSpecificNFTsThroughETH
FN:228,swapERC20ForAnyNFTs
FN:245,swapERC20ForSpecificNFTs
FN:262,swapNFTsForToken
FN:282,swapNFTsForAnyNFTsThroughERC20
FN:323,swapNFTsForSpecificNFTsThroughERC20
FN:371,robustSwapETHForAnyNFTs
FN:428,robustSwapETHForSpecificNFTs
FN:485,robustSwapERC20ForAnyNFTs
FN:532,robustSwapERC20ForSpecificNFTs
FN:579,robustSwapNFTsForToken
FN:628,robustSwapETHForSpecificNFTsAndNFTsToToken
FN:735,robustSwapERC20ForSpecificNFTsAndNFTsToToken
FN:836,pairTransferERC20From
FN:867,pairTransferNFTFrom
FN:888,_checkDeadline
FN:900,_swapETHForAnyNFTs
FN:953,_swapETHForSpecificNFTs
FN:1009,_swapERC20ForAnyNFTs
FN:1047,_swapERC20ForSpecificNFTs
FN:1083,_swapNFTsForToken
FNF:26
FNH:0
FNDA:0,checkDeadline
FNDA:0,constructor
FNDA:0,swapETHForAnyNFTs
FNDA:0,swapETHForSpecificNFTs
FNDA:0,swapNFTsForAnyNFTsThroughETH
FNDA:0,swapNFTsForSpecificNFTsThroughETH
FNDA:0,swapERC20ForAnyNFTs
FNDA:0,swapERC20ForSpecificNFTs
FNDA:0,swapNFTsForToken
FNDA:0,swapNFTsForAnyNFTsThroughERC20
FNDA:0,swapNFTsForSpecificNFTsThroughERC20
FNDA:0,robustSwapETHForAnyNFTs
FNDA:0,robustSwapETHForSpecificNFTs
FNDA:0,robustSwapERC20ForAnyNFTs
FNDA:0,robustSwapERC20ForSpecificNFTs
FNDA:0,robustSwapNFTsForToken
FNDA:0,robustSwapETHForSpecificNFTsAndNFTsToToken
FNDA:0,robustSwapERC20ForSpecificNFTsAndNFTsToToken
FNDA:0,pairTransferERC20From
FNDA:0,pairTransferNFTFrom
FNDA:0,_checkDeadline
FNDA:0,_swapETHForAnyNFTs
FNDA:0,_swapETHForSpecificNFTs
FNDA:0,_swapERC20ForAnyNFTs
FNDA:0,_swapERC20ForSpecificNFTs
FNDA:0,_swapNFTsForToken
DA:59,0
DA:60,0
DA:66,0
DA:92,0
DA:115,0
DA:143,0
DA:150,0
DA:154,0
DA:183,0
DA:190,0
DA:194,0
DA:229,0
DA:246,0
DA:263,0
DA:286,0
DA:293,0
DA:298,0
DA:327,0
DA:334,0
DA:339,0
DA:374,0
DA:377,0
DA:378,0
DA:379,0
DA:380,0
DA:382,0
DA:387,0
DA:393,0
DA:404,0
DA:405,0
DA:410,0
DA:411,0
DA:429,0
DA:430,0
DA:431,0
DA:434,0
DA:435,0
DA:437,0
DA:442,0
DA:448,0
DA:460,0
DA:461,0
DA:466,0
DA:467,0
DA:486,0
DA:487,0
DA:488,0
DA:491,0
DA:492,0
DA:494,0
DA:499,0
DA:503,0
DA:512,0
DA:513,0
DA:533,0
DA:534,0
DA:535,0
DA:538,0
DA:539,0
DA:541,0
DA:546,0
DA:550,0
DA:562,0
DA:563,0
DA:581,0
DA:582,0
DA:583,0
DA:586,0
DA:587,0
DA:588,0
DA:592,0
DA:593,0
DA:594,0
DA:596,0
DA:601,0
DA:603,0
DA:612,0
DA:613,0
DA:631,0
DA:632,0
DA:633,0
DA:634,0
DA:637,0
DA:638,0
DA:640,0
DA:649,0
DA:655,0
DA:668,0
DA:669,0
DA:674,0
DA:675,0
DA:678,0
DA:680,0
DA:681,0
DA:682,0
DA:685,0
DA:686,0
DA:687,0
DA:694,0
DA:695,0
DA:696,0
DA:698,0
DA:703,0
DA:705,0
DA:718,0
DA:719,0
DA:738,0
DA:739,0
DA:740,0
DA:741,0
DA:744,0
DA:745,0
DA:747,0
DA:753,0
DA:757,0
DA:769,0
DA:770,0
DA:774,0
DA:776,0
DA:777,0
DA:778,0
DA:781,0
DA:782,0
DA:783,0
DA:790,0
DA:791,0
DA:792,0
DA:794,0
DA:799,0
DA:801,0
DA:814,0
DA:815,0
DA:844,0
DA:847,0
DA:855,0
DA:875,0
DA:878,0
DA:889,0
DA:906,0
DA:908,0
DA:909,0
DA:912,0
DA:913,0
DA:915,0
DA:920,0
DA:924,0
DA:934,0
DA:935,0
DA:940,0
DA:941,0
DA:959,0
DA:961,0
DA:962,0
DA:965,0
DA:966,0
DA:968,0
DA:973,0
DA:977,0
DA:987,0
DA:988,0
DA:993,0
DA:994,0
DA:1014,0
DA:1017,0
DA:1018,0
DA:1022,0
DA:1030,0
DA:1031,0
DA:1052,0
DA:1055,0
DA:1056,0
DA:1060,0
DA:1068,0
DA:1069,0
DA:1089,0
DA:1090,0
DA:1093,0
DA:1101,0
DA:1102,0
DA:1107,0
LF:180
LH:0
BRDA:387,1,0,0
BRDA:387,1,1,0
BRDA:410,2,0,0
BRDA:410,2,1,0
BRDA:442,3,0,0
BRDA:442,3,1,0
BRDA:466,4,0,0
BRDA:466,4,1,0
BRDA:499,5,0,0
BRDA:499,5,1,0
BRDA:546,6,0,0
BRDA:546,6,1,0
BRDA:592,7,0,0
BRDA:592,7,1,0
BRDA:601,8,0,0
BRDA:601,8,1,0
BRDA:649,9,0,0
BRDA:649,9,1,0
BRDA:674,10,0,0
BRDA:674,10,1,0
BRDA:694,11,0,0
BRDA:694,11,1,0
BRDA:703,12,0,0
BRDA:703,12,1,0
BRDA:753,13,0,0
BRDA:753,13,1,0
BRDA:790,14,0,0
BRDA:790,14,1,0
BRDA:799,15,0,0
BRDA:799,15,1,0
BRDA:844,16,0,0
BRDA:844,16,1,0
BRDA:847,17,0,0
BRDA:847,17,1,0
BRDA:875,18,0,0
BRDA:875,18,1,0
BRDA:889,19,0,0
BRDA:889,19,1,0
BRDA:920,20,0,0
BRDA:920,20,1,0
BRDA:940,21,0,0
BRDA:940,21,1,0
BRDA:973,22,0,0
BRDA:973,22,1,0
BRDA:993,23,0,0
BRDA:993,23,1,0
BRDA:1107,24,0,0
BRDA:1107,24,1,0
BRF:48
BRH:0
end_of_record
TN:
SF:/Users/obinnaoparaocha/Documents/GitHub/solidity_by_wisdom/contracts/mocks/Test1155.sol
FN:6,constructor
FN:8,mint
FNF:2
FNH:0
FNDA:0,constructor
FNDA:0,mint
DA:9,0
LF:1
LH:0
BRF:0
BRH:0
end_of_record
TN:
SF:/Users/obinnaoparaocha/Documents/GitHub/solidity_by_wisdom/contracts/mocks/Test20.sol
FN:6,constructor
FN:8,mint
FNF:2
FNH:0
FNDA:0,constructor
FNDA:0,mint
DA:9,0
LF:1
LH:0
BRF:0
BRH:0
end_of_record
TN:
SF:/Users/obinnaoparaocha/Documents/GitHub/solidity_by_wisdom/contracts/mocks/Test721.sol
FN:6,constructor
FN:8,mint
FNF:2
FNH:0
FNDA:0,constructor
FNDA:0,mint
DA:9,0
LF:1
LH:0
BRF:0
BRH:0
end_of_record
TN:
SF:/Users/obinnaoparaocha/Documents/GitHub/solidity_by_wisdom/contracts/mocks/Test721Enumerable.sol
FN:6,constructor
FN:8,mint
FNF:2
FNH:0
FNDA:0,constructor
FNDA:0,mint
DA:9,0
LF:1
LH:0
BRF:0
BRH:0
end_of_record
TN:
SF:/Users/obinnaoparaocha/Documents/GitHub/solidity_by_wisdom/contracts/mocks/TestPairManager.sol
FN:9,constructor
FN:11,onOwnershipTransfer
FNF:2
FNH:0
FNDA:0,constructor
FNDA:0,onOwnershipTransfer
DA:12,0
LF:1
LH:0
BRF:0
BRH:0
end_of_record
TN:
SF:/Users/obinnaoparaocha/Documents/GitHub/solidity_by_wisdom/contracts/solmate/auth/Auth.sol
FN:16,constructor
FN:24,requiresAuth
FN:30,isAuthorized
FN:38,setAuthority
FN:48,setOwner
FNF:5
FNH:0
FNDA:0,constructor
FNDA:0,requiresAuth
FNDA:0,isAuthorized
FNDA:0,setAuthority
FNDA:0,setOwner
DA:17,0
DA:18,0
DA:20,0
DA:21,0
DA:25,0
DA:27,0
DA:31,0
DA:35,0
DA:41,0
DA:43,0
DA:45,0
DA:49,0
DA:51,0
LF:13
LH:0
BRDA:25,1,0,0
BRDA:25,1,1,0
BRDA:41,2,0,0
BRDA:41,2,1,0
BRF:4
BRH:0
end_of_record
TN:
SF:/Users/obinnaoparaocha/Documents/GitHub/solidity_by_wisdom/contracts/solmate/auth/authorities/MultiRolesAuthority.sol
FN:25,constructor
FN:43,doesUserHaveRole
FN:47,doesRoleHaveCapability
FN:55,canCall
FN:72,setTargetCustomAuthority
FN:82,setPublicCapability
FN:96,setUserRole
FN:114,setRoleCapability
FNF:8
FNH:0
FNDA:0,constructor
FNDA:0,doesUserHaveRole
FNDA:0,doesRoleHaveCapability
FNDA:0,canCall
FNDA:0,setTargetCustomAuthority
FNDA:0,setPublicCapability
FNDA:0,setUserRole
FNDA:0,setRoleCapability
DA:44,0
DA:48,0
DA:60,0
DA:62,0
DA:64,0
DA:73,0
DA:75,0
DA:83,0
DA:85,0
DA:97,0
DA:98,0
DA:100,0
DA:103,0
DA:115,0
DA:116,0
DA:118,0
DA:121,0
LF:17
LH:0
BRDA:62,1,0,0
BRDA:62,1,1,0
BRDA:97,2,0,0
BRDA:97,2,1,0
BRDA:115,3,0,0
BRDA:115,3,1,0
BRF:6
BRH:0
end_of_record
TN:
SF:/Users/obinnaoparaocha/Documents/GitHub/solidity_by_wisdom/contracts/solmate/auth/authorities/RolesAuthority.sol
FN:24,constructor
FN:36,doesUserHaveRole
FN:40,doesRoleHaveCapability
FN:52,canCall
FN:70,setPublicCapability
FN:81,setRoleCapability
FN:99,setUserRole
FNF:7
FNH:0
FNDA:0,constructor
FNDA:0,doesUserHaveRole
FNDA:0,doesRoleHaveCapability
FNDA:0,canCall
FNDA:0,setPublicCapability
FNDA:0,setRoleCapability
FNDA:0,setUserRole
DA:37,0
DA:45,0
DA:57,0
DA:71,0
DA:73,0
DA:82,0
DA:83,0
DA:85,0
DA:88,0
DA:100,0
DA:101,0
DA:103,0
DA:106,0
LF:13
LH:0
BRDA:82,1,0,0
BRDA:82,1,1,0
BRDA:100,2,0,0
BRDA:100,2,1,0
BRF:4
BRH:0
end_of_record
TN:
SF:/Users/obinnaoparaocha/Documents/GitHub/solidity_by_wisdom/contracts/solmate/auth/Owned.sol
FN:19,onlyOwner
FN:29,constructor
FN:39,setOwner
FNF:3
FNH:0
FNDA:0,onlyOwner
FNDA:0,constructor
FNDA:0,setOwner
DA:20,0
DA:22,0
DA:30,0
DA:32,0
DA:40,0
DA:42,0
LF:6
LH:0
BRDA:20,1,0,0
BRDA:20,1,1,0
BRF:2
BRH:0
end_of_record
TN:
SF:/Users/obinnaoparaocha/Documents/GitHub/solidity_by_wisdom/contracts/solmate/mixins/ERC4626.sol
FN:38,constructor
FN:46,deposit
FN:60,mint
FN:73,withdraw
FN:95,redeem
FN:124,convertToShares
FN:130,convertToAssets
FN:136,previewDeposit
FN:140,previewMint
FN:146,previewWithdraw
FN:152,previewRedeem
FN:160,maxDeposit
FN:164,maxMint
FN:168,maxWithdraw
FN:172,maxRedeem
FN:180,beforeWithdraw
FN:182,afterDeposit
FNF:17
FNH:0
FNDA:0,constructor
FNDA:0,deposit
FNDA:0,mint
FNDA:0,withdraw
FNDA:0,redeem
FNDA:0,convertToShares
FNDA:0,convertToAssets
FNDA:0,previewDeposit
FNDA:0,previewMint
FNDA:0,previewWithdraw
FNDA:0,previewRedeem
FNDA:0,maxDeposit
FNDA:0,maxMint
FNDA:0,maxWithdraw
FNDA:0,maxRedeem
FNDA:0,beforeWithdraw
FNDA:0,afterDeposit
DA:39,0
DA:48,0
DA:51,0
DA:53,0
DA:55,0
DA:57,0
DA:61,0
DA:64,0
DA:66,0
DA:68,0
DA:70,0
DA:78,0
DA:80,0
DA:81,0
DA:83,0
DA:86,0
DA:88,0
DA:90,0
DA:92,0
DA:100,0
DA:101,0
DA:103,0
DA:107,0
DA:109,0
DA:111,0
DA:113,0
DA:115,0
DA:125,0
DA:127,0
DA:131,0
DA:133,0
DA:137,0
DA:141,0
DA:143,0
DA:147,0
DA:149,0
DA:153,0
DA:161,0
DA:165,0
DA:169,0
DA:173,0
LF:41
LH:0
BRDA:48,1,0,0
BRDA:48,1,1,0
BRDA:80,2,0,0
BRDA:80,2,1,0
BRDA:83,3,0,0
BRDA:83,3,1,0
BRDA:100,4,0,0
BRDA:100,4,1,0
BRDA:103,5,0,0
BRDA:103,5,1,0
BRDA:107,6,0,0
BRDA:107,6,1,0
BRF:12
BRH:0
end_of_record
TN:
SF:/Users/obinnaoparaocha/Documents/GitHub/solidity_by_wisdom/contracts/solmate/tokens/ERC1155.sol
FN:49,setApprovalForAll
FN:55,safeTransferFrom
FN:78,safeBatchTransferFrom
FN:118,balanceOfBatch
FN:141,supportsInterface
FN:152,_mint
FN:171,_batchMint
FN:202,_batchBurn
FN:224,_burn
FN:238,onERC1155Received
FN:248,onERC1155BatchReceived
FNF:11
FNH:0
FNDA:0,setApprovalForAll
FNDA:0,safeTransferFrom
FNDA:0,safeBatchTransferFrom
FNDA:0,balanceOfBatch
FNDA:0,supportsInterface
FNDA:0,_mint
FNDA:0,_batchMint
FNDA:0,_batchBurn
FNDA:0,_burn
FNDA:0,onERC1155Received
FNDA:0,onERC1155BatchReceived
DA:50,0
DA:52,0
DA:62,0
DA:64,0
DA:65,0
DA:67,0
DA:69,0
DA:85,0
DA:87,0
DA:90,0
DA:91,0
DA:93,0
DA:94,0
DA:95,0
DA:97,0
DA:98,0
DA:102,0
DA:103,0
DA:107,0
DA:109,0
DA:124,0
DA:126,0
DA:130,0
DA:131,0
DA:132,0
DA:142,0
DA:158,0
DA:160,0
DA:162,0
DA:177,0
DA:179,0
DA:181,0
DA:182,0
DA:186,0
DA:187,0
DA:191,0
DA:193,0
DA:207,0
DA:209,0
DA:211,0
DA:212,0
DA:216,0
DA:217,0
DA:221,0
DA:229,0
DA:231,0
DA:245,0
DA:255,0
LF:48
LH:0
BRDA:62,1,0,0
BRDA:62,1,1,0
BRDA:69,2,0,0
BRDA:69,2,1,0
BRDA:85,3,0,0
BRDA:85,3,1,0
BRDA:87,4,0,0
BRDA:87,4,1,0
BRDA:109,5,0,0
BRDA:109,5,1,0
BRDA:124,6,0,0
BRDA:124,6,1,0
BRDA:162,7,0,0
BRDA:162,7,1,0
BRDA:179,8,0,0
BRDA:179,8,1,0
BRDA:193,9,0,0
BRDA:193,9,1,0
BRDA:209,10,0,0
BRDA:209,10,1,0
BRF:20
BRH:0
end_of_record
TN:
SF:/Users/obinnaoparaocha/Documents/GitHub/solidity_by_wisdom/contracts/solmate/tokens/ERC20.sol
FN:51,constructor
FN:68,approve
FN:76,transfer
FN:90,transferFrom
FN:116,permit
FN:162,DOMAIN_SEPARATOR
FN:166,computeDomainSeparator
FN:183,_mint
FN:195,_burn
FNF:9
FNH:0
FNDA:0,constructor
FNDA:0,approve
FNDA:0,transfer
FNDA:0,transferFrom
FNDA:0,permit
FNDA:0,DOMAIN_SEPARATOR
FNDA:0,computeDomainSeparator
FNDA:0,_mint
FNDA:0,_burn
DA:56,0
DA:57,0
DA:58,0
DA:60,0
DA:61,0
DA:69,0
DA:71,0
DA:73,0
DA:77,0
DA:81,0
DA:82,0
DA:85,0
DA:87,0
DA:95,0
DA:97,0
DA:99,0
DA:103,0
DA:104,0
DA:107,0
DA:109,0
DA:125,0
DA:129,0
DA:130,0
DA:154,0
DA:156,0
DA:159,0
DA:163,0
DA:167,0
DA:184,0
DA:188,0
DA:189,0
DA:192,0
DA:196,0
DA:200,0
DA:201,0
DA:204,0
LF:36
LH:0
BRDA:97,1,0,0
BRDA:97,1,1,0
BRDA:125,2,0,0
BRDA:125,2,1,0
BRDA:154,3,0,0
BRDA:154,3,1,0
BRF:6
BRH:0
end_of_record
TN:
SF:/Users/obinnaoparaocha/Documents/GitHub/solidity_by_wisdom/contracts/solmate/tokens/ERC721.sol
FN:35,ownerOf
FN:39,balanceOf
FN:57,constructor
FN:66,approve
FN:76,setApprovalForAll
FN:82,transferFrom
FN:111,safeTransferFrom
FN:126,safeTransferFrom
FN:146,supportsInterface
FN:157,_mint
FN:172,_burn
FN:193,_safeMint
FN:204,_safeMint
FN:223,onERC721Received
FNF:14
FNH:0
FNDA:0,ownerOf
FNDA:0,balanceOf
FNDA:0,constructor
FNDA:0,approve
FNDA:0,setApprovalForAll
FNDA:0,transferFrom
FNDA:0,safeTransferFrom
FNDA:0,safeTransferFrom
FNDA:0,supportsInterface
FNDA:0,_mint
FNDA:0,_burn
FNDA:0,_safeMint
FNDA:0,_safeMint
FNDA:0,onERC721Received
DA:36,0
DA:40,0
DA:42,0
DA:58,0
DA:59,0
DA:67,0
DA:69,0
DA:71,0
DA:73,0
DA:77,0
DA:79,0
DA:87,0
DA:89,0
DA:91,0
DA:98,0
DA:99,0
DA:101,0
DA:104,0
DA:106,0
DA:108,0
DA:116,0
DA:118,0
DA:132,0
DA:134,0
DA:147,0
DA:158,0
DA:160,0
DA:163,0
DA:164,0
DA:167,0
DA:169,0
DA:173,0
DA:175,0
DA:178,0
DA:179,0
DA:182,0
DA:184,0
DA:186,0
DA:194,0
DA:196,0
DA:209,0
DA:211,0
DA:229,0
LF:43
LH:0
BRDA:36,1,0,0
BRDA:36,1,1,0
BRDA:40,2,0,0
BRDA:40,2,1,0
BRDA:69,3,0,0
BRDA:69,3,1,0
BRDA:87,4,0,0
BRDA:87,4,1,0
BRDA:89,5,0,0
BRDA:89,5,1,0
BRDA:91,6,0,0
BRDA:91,6,1,0
BRDA:118,7,0,0
BRDA:118,7,1,0
BRDA:134,8,0,0
BRDA:134,8,1,0
BRDA:158,9,0,0
BRDA:158,9,1,0
BRDA:160,10,0,0
BRDA:160,10,1,0
BRDA:175,11,0,0
BRDA:175,11,1,0
BRDA:196,12,0,0
BRDA:196,12,1,0
BRDA:211,13,0,0
BRDA:211,13,1,0
BRF:26
BRH:0
end_of_record
TN:
SF:/Users/obinnaoparaocha/Documents/GitHub/solidity_by_wisdom/contracts/solmate/tokens/WETH.sol
FN:18,deposit
FN:24,withdraw
FNF:2
FNH:0
FNDA:0,deposit
FNDA:0,withdraw
DA:19,0
DA:21,0
DA:25,0
DA:27,0
DA:29,0
DA:33,0
LF:6
LH:0
BRF:0
BRH:0
end_of_record
TN:
SF:/Users/obinnaoparaocha/Documents/GitHub/solidity_by_wisdom/contracts/solmate/utils/Bytes32AddressLib.sol
FN:7,fromLast20Bytes
FN:11,fillLast12Bytes
FNF:2
FNH:0
FNDA:0,fromLast20Bytes
FNDA:0,fillLast12Bytes
DA:8,0
DA:12,0
LF:2
LH:0
BRF:0
BRH:0
end_of_record
TN:
SF:/Users/obinnaoparaocha/Documents/GitHub/solidity_by_wisdom/contracts/solmate/utils/CREATE3.sol
FN:37,deploy
FN:57,getDeployed
FNF:2
FNH:0
FNDA:0,deploy
FNDA:0,getDeployed
DA:42,0
DA:44,0
DA:45,0
DA:50,0
DA:52,0
DA:53,0
DA:54,0
DA:58,0
DA:71,0
LF:9
LH:0
BRDA:50,1,0,0
BRDA:50,1,1,0
BRDA:54,2,0,0
BRDA:54,2,1,0
BRF:4
BRH:0
end_of_record
TN:
SF:/Users/obinnaoparaocha/Documents/GitHub/solidity_by_wisdom/contracts/solmate/utils/FixedPointMathLib.sol
FN:24,mulDivDown
FN:48,mulDivUp
FN:74,fmul
FN:82,fdiv
FN:90,fpow
FN:156,sqrt
FN:169,min
FN:173,max
FN:177,imin
FN:181,imax
FNF:10
FNH:0
FNDA:0,mulDivDown
FNDA:0,mulDivUp
FNDA:0,fmul
FNDA:0,fdiv
FNDA:0,fpow
FNDA:0,sqrt
FNDA:0,min
FNDA:0,max
FNDA:0,imin
FNDA:0,imax
DA:29,0
DA:53,0
DA:79,0
DA:87,0
DA:95,0
DA:97,0
DA:98,0
DA:157,0
DA:158,0
DA:159,0
DA:160,0
DA:161,0
DA:162,0
DA:165,0
DA:170,0
DA:174,0
DA:178,0
DA:182,0
LF:18
LH:0
BRDA:157,1,0,0
BRDA:157,1,1,0
BRDA:164,2,0,0
BRDA:164,2,1,0
BRF:4
BRH:0
end_of_record
TN:
SF:/Users/obinnaoparaocha/Documents/GitHub/solidity_by_wisdom/contracts/solmate/utils/ReentrancyGuard.sol
FN:10,nonReentrant
FNF:1
FNH:0
FNDA:0,nonReentrant
DA:11,0
DA:13,0
DA:15,0
DA:17,0
LF:4
LH:0
BRDA:11,1,0,0
BRDA:11,1,1,0
BRF:2
BRH:0
end_of_record
TN:
SF:/Users/obinnaoparaocha/Documents/GitHub/solidity_by_wisdom/contracts/solmate/utils/SafeCastLib.sol
FN:8,safeCastTo248
FN:14,safeCastTo224
FN:20,safeCastTo192
FN:26,safeCastTo160
FN:32,safeCastTo128
FN:38,safeCastTo96
FN:44,safeCastTo64
FN:50,safeCastTo32
FN:56,safeCastTo8
FNF:9
FNH:0
FNDA:0,safeCastTo248
FNDA:0,safeCastTo224
FNDA:0,safeCastTo192
FNDA:0,safeCastTo160
FNDA:0,safeCastTo128
FNDA:0,safeCastTo96
FNDA:0,safeCastTo64
FNDA:0,safeCastTo32
FNDA:0,safeCastTo8
DA:9,0
DA:11,0
DA:15,0
DA:17,0
DA:21,0
DA:23,0
DA:27,0
DA:29,0
DA:33,0
DA:35,0
DA:39,0
DA:41,0
DA:45,0
DA:47,0
DA:51,0
DA:53,0
DA:57,0
DA:59,0
LF:18
LH:0
BRDA:9,1,0,0
BRDA:9,1,1,0
BRDA:15,2,0,0
BRDA:15,2,1,0
BRDA:21,3,0,0
BRDA:21,3,1,0
BRDA:27,4,0,0
BRDA:27,4,1,0
BRDA:33,5,0,0
BRDA:33,5,1,0
BRDA:39,6,0,0
BRDA:39,6,1,0
BRDA:45,7,0,0
BRDA:45,7,1,0
BRDA:51,8,0,0
BRDA:51,8,1,0
BRDA:57,9,0,0
BRDA:57,9,1,0
BRF:18
BRH:0
end_of_record
TN:
SF:/Users/obinnaoparaocha/Documents/GitHub/solidity_by_wisdom/contracts/solmate/utils/SafeTransferLib.sol
FN:15,safeTransferETH
FN:30,safeTransferFrom
FN:63,safeTransfer
FN:94,safeApprove
FNF:4
FNH:0
FNDA:0,safeTransferETH
FNDA:0,safeTransferFrom
FNDA:0,safeTransfer
FNDA:0,safeApprove
DA:16,0
DA:18,0
DA:23,0
DA:36,0
DA:38,0
DA:60,0
DA:68,0
DA:70,0
DA:91,0
DA:99,0
DA:101,0
DA:122,0
LF:12
LH:0
BRDA:23,1,0,0
BRDA:23,1,1,0
BRDA:60,2,0,0
BRDA:60,2,1,0
BRDA:91,3,0,0
BRDA:91,3,1,0
BRDA:122,4,0,0
BRDA:122,4,1,0
BRF:8
BRH:0
end_of_record
TN:
SF:/Users/obinnaoparaocha/Documents/GitHub/solidity_by_wisdom/contracts/solmate/utils/SSTORE2.sol
FN:14,write
FN:50,read
FN:54,read
FN:60,read
FN:77,readBytecode
FNF:5
FNH:0
FNDA:0,write
FNDA:0,read
FNDA:0,read
FNDA:0,read
FNDA:0,readBytecode
DA:16,0
DA:18,0
DA:37,0
DA:43,0
DA:51,0
DA:55,0
DA:57,0
DA:65,0
DA:66,0
DA:68,0
DA:70,0
DA:82,0
LF:12
LH:0
BRDA:43,1,0,0
BRDA:43,1,1,0
BRDA:68,2,0,0
BRDA:68,2,1,0
BRF:4
BRH:0
end_of_record
